#
# A fatal error has been detected by the Java Runtime Environment:
#
#  SIGSEGV (0xb) at pc=0x00007f2c5822630e, pid=17644, tid=139828661860096
#
# JRE version: 6.0_33-b33
# Java VM: OpenJDK 64-Bit Server VM (23.25-b01 mixed mode linux-amd64 compressed oops)
# Derivative: IcedTea6 1.13.5
# Distribution: Ubuntu 12.04 LTS, package 6b33-1.13.5-1ubuntu0.12.04
# Problematic frame:
# C  [libgdk-x11-2.0.so.0+0x7230e]  gdk_window_enable_synchronized_configure+0xe
#
# Failed to write core dump. Core dumps have been disabled. To enable core dumping, try "ulimit -c unlimited" before starting Java again
#
# If you would like to submit a bug report, please include
# instructions how to reproduce the bug and visit:
#   https://bugs.launchpad.net/ubuntu/+source/openjdk-6/
# The crash happened outside the Java Virtual Machine in native code.
# See problematic frame for where to report the bug.
#

---------------  T H R E A D  ---------------

Current thread (0x00007f2c5c009800):  JavaThread "main" [_thread_in_native, id=17645, stack(0x00007f2c65a83000,0x00007f2c65b84000)]

siginfo:si_signo=SIGSEGV: si_errno=0, si_code=1 (SEGV_MAPERR), si_addr=0x0000000000000018

Registers:
RAX=0x0000000000000000, RBX=0x00007f2c5c206000, RCX=0x00007f2c65b83700, RDX=0x0000000000000000
RSP=0x00007f2c65b81e30, RBP=0x00007f2c5c2060f0, RSI=0x0000000000000000, RDI=0x0000000000000000
R8 =0x00007f2c5c218470, R9 =0x0000000000000001, R10=0x00007f2c65b81be0, R11=0x00007f2c58226300
R12=0x00007f2c5c206000, R13=0x0000000000000000, R14=0x0000000000000260, R15=0x0000000000000000
RIP=0x00007f2c5822630e, EFLAGS=0x0000000000010206, CSGSFS=0x0000000000000033, ERR=0x0000000000000004
  TRAPNO=0x000000000000000e

Top of Stack: (sp=0x00007f2c65b81e30)
0x00007f2c65b81e30:   0000000000000001 00007f2c5c206000
0x00007f2c65b81e40:   00007f2c5c2060f0 00007f2c2d40941c
0x00007f2c65b81e50:   00007f2c5c218240 00007f2c0000fc02
0x00007f2c65b81e60:   000001c75c206000 0000000000000127
0x00007f2c65b81e70:   0000000000000000 0000000000000000
0x00007f2c65b81e80:   00007f2c00000001 0000003000000020
0x00007f2c65b81e90:   00007f2c5c203e50 00007f2c5c2023c0
0x00007f2c65b81ea0:   000000005c1e4ef0 00007f2c58bae2d0
0x00007f2c65b81eb0:   00007f2c5c206000 0000000000000000
0x00007f2c65b81ec0:   00007f2c65b82178 00007f2c58bafeca
0x00007f2c65b81ed0:   00007f2c5c1e4970 00007f2c58bae2d0
0x00007f2c65b81ee0:   00007f2c5c206000 0000000000000000
0x00007f2c65b81ef0:   00007f2c65b821a8 00007f2c58bafeca
0x00007f2c65b81f00:   0000000000000000 000000007d12684b
0x00007f2c65b81f10:   0000000000000000 0000000000000000
0x00007f2c65b81f20:   00007f2c00000002 00000000588e2e23
0x00007f2c65b81f30:   0000000040000002 0000000000000000
0x00007f2c65b81f40:   0000000500000005 00007f2c58bb4d65
0x00007f2c65b81f50:   00007f2c5c1e4f60 00007f2c588e2e23
0x00007f2c65b81f60:   00007f2c65b82178 00007f2c5892e5e1
0x00007f2c65b81f70:   00007f2c5c1e4ef0 00007f2c5c1e49c0
0x00007f2c65b81f80:   00007f2c65b82190 00007f2c65b821a8
0x00007f2c65b81f90:   00007f2c5c1e4970 00007f2c65b820b0
0x00007f2c65b81fa0:   0000000000000000 00007f2c58bc8711
0x00007f2c65b81fb0:   0000000000000000 0000000000000004
0x00007f2c65b81fc0:   0000000000000004 0000000065b82138
0x00007f2c65b81fd0:   00007f2c00000001 00007f2c5c206000
0x00007f2c65b81fe0:   0000000000000000 0000000000000004
0x00007f2c65b81ff0:   00007f2c5c23ea70 f0156dad348c5700
0x00007f2c65b82000:   00007f2c581ba2d0 00007f2c65b82254
0x00007f2c65b82010:   00007f2c65b82250 0000000000000000
0x00007f2c65b82020:   00007f2c5c206000 00000000000001c7 

Instructions: (pc=0x00007f2c5822630e)
0x00007f2c582262ee:   00 48 83 c4 38 e9 b8 8f ff ff 0f 1f 84 00 00 00
0x00007f2c582262fe:   00 00 48 89 5c 24 f0 48 89 6c 24 f8 48 83 ec 18
0x00007f2c5822630e:   48 8b 5f 18 48 89 fd e8 26 9c ff ff 48 85 db 74
0x00007f2c5822631e:   22 48 8b 13 48 85 d2 74 05 48 39 02 74 0f 48 89 

Register to memory mapping:

RAX=0x0000000000000000 is an unknown value
RBX=0x00007f2c5c206000 is an unknown value
RCX=0x00007f2c65b83700 is pointing into the stack for thread: 0x00007f2c5c009800
RDX=0x0000000000000000 is an unknown value
RSP=0x00007f2c65b81e30 is pointing into the stack for thread: 0x00007f2c5c009800
RBP=0x00007f2c5c2060f0 is an unknown value
RSI=0x0000000000000000 is an unknown value
RDI=0x0000000000000000 is an unknown value
R8 =0x00007f2c5c218470 is an unknown value
R9 =0x0000000000000001 is an unknown value
R10=0x00007f2c65b81be0 is pointing into the stack for thread: 0x00007f2c5c009800
R11=0x00007f2c58226300: gdk_window_enable_synchronized_configure+0 in /usr/lib/x86_64-linux-gnu/libgdk-x11-2.0.so.0 at 0x00007f2c581b4000
R12=0x00007f2c5c206000 is an unknown value
R13=0x0000000000000000 is an unknown value
R14=0x0000000000000260 is an unknown value
R15=0x0000000000000000 is an unknown value


Stack: [0x00007f2c65a83000,0x00007f2c65b84000],  sp=0x00007f2c65b81e30,  free space=1019k
Native frames: (J=compiled Java code, j=interpreted, Vv=VM code, C=native code)
C  [libgdk-x11-2.0.so.0+0x7230e]  gdk_window_enable_synchronized_configure+0xe

Java frames: (J=compiled Java code, j=interpreted, Vv=VM code)
j  org.eclipse.equinox.launcher.JNIBridge._show_splash(Ljava/lang/String;)V+0
j  org.eclipse.equinox.launcher.JNIBridge.showSplash(Ljava/lang/String;)Z+2
j  org.eclipse.equinox.launcher.Main.handleSplash([Ljava/net/URL;)V+157
j  org.eclipse.equinox.launcher.Main.basicRun([Ljava/lang/String;)V+116
j  org.eclipse.equinox.launcher.Main.run([Ljava/lang/String;)I+4
j  org.eclipse.equinox.launcher.Main.main([Ljava/lang/String;)V+10
v  ~StubRoutines::call_stub

---------------  P R O C E S S  ---------------

Java Threads: ( => current thread )
  0x00007f2c5c0f7000 JavaThread "Low Memory Detector" daemon [_thread_blocked, id=17654, stack(0x00007f2c60095000,0x00007f2c60196000)]
  0x00007f2c5c0f4800 JavaThread "C2 CompilerThread1" daemon [_thread_blocked, id=17653, stack(0x00007f2c60196000,0x00007f2c60297000)]
  0x00007f2c5c0f2000 JavaThread "C2 CompilerThread0" daemon [_thread_blocked, id=17652, stack(0x00007f2c60297000,0x00007f2c60398000)]
  0x00007f2c5c0ef800 JavaThread "Signal Dispatcher" daemon [_thread_blocked, id=17651, stack(0x00007f2c60398000,0x00007f2c60499000)]
  0x00007f2c5c0a0800 JavaThread "Finalizer" daemon [_thread_blocked, id=17650, stack(0x00007f2c60a40000,0x00007f2c60b41000)]
  0x00007f2c5c09e800 JavaThread "Reference Handler" daemon [_thread_blocked, id=17649, stack(0x00007f2c60b41000,0x00007f2c60c42000)]
=>0x00007f2c5c009800 JavaThread "main" [_thread_in_native, id=17645, stack(0x00007f2c65a83000,0x00007f2c65b84000)]

Other Threads:
  0x00007f2c5c08f800 VMThread [stack: 0x00007f2c60c42000,0x00007f2c60d43000] [id=17648]
  0x00007f2c5c101800 WatcherThread [stack: 0x00007f2c58eff000,0x00007f2c59000000] [id=17655]

VM state:not at safepoint (normal execution)

VM Mutex/Monitor currently owned by a thread: None

Heap
 PSYoungGen      total 18368K, used 2261K [0x00000000eb8b0000, 0x00000000ecd20000, 0x0000000100000000)
  eden space 15808K, 14% used [0x00000000eb8b0000,0x00000000ebae54b0,0x00000000ec820000)
  from space 2560K, 0% used [0x00000000ecaa0000,0x00000000ecaa0000,0x00000000ecd20000)
  to   space 2560K, 0% used [0x00000000ec820000,0x00000000ec820000,0x00000000ecaa0000)
 ParOldGen       total 41856K, used 0K [0x00000000c2a00000, 0x00000000c52e0000, 0x00000000eb8b0000)
  object space 41856K, 0% used [0x00000000c2a00000,0x00000000c2a00000,0x00000000c52e0000)
 PSPermGen       total 21248K, used 4521K [0x00000000b2a00000, 0x00000000b3ec0000, 0x00000000c2a00000)
  object space 21248K, 21% used [0x00000000b2a00000,0x00000000b2e6a4e8,0x00000000b3ec0000)

Card table byte_map: [0x00007f2c625ef000,0x00007f2c6285b000] byte_map_base: 0x00007f2c6205a000

Polling page: 0x00007f2c65bbb000

Code Cache  [0x00007f2c59000000, 0x00007f2c59270000, 0x00007f2c5c000000)
 total_blobs=214 nmethods=16 adapters=152 free_code_cache=48731Kb largest_free_block=49886144

Compilation events (10 events):
Event: 0.289 Thread 0x00007f2c5c0f2000 nmethod 11 0x00007f2c59065510 code [0x00007f2c59065640, 0x00007f2c590656b8]
Event: 0.306 Thread 0x00007f2c5c0f4800 nmethod 8 0x00007f2c5906b250 code [0x00007f2c5906b460, 0x00007f2c5906c0a0]
Event: 0.309 Thread 0x00007f2c5c0f2000   13             sun.nio.cs.UTF_8$Decoder::decodeArrayLoop (553 bytes)
Event: 0.315 Thread 0x00007f2c5c0f4800   14             java.lang.String::charAt (33 bytes)
Event: 0.316 Thread 0x00007f2c5c0f4800 nmethod 14 0x00007f2c59065250 code [0x00007f2c590653a0, 0x00007f2c59065458]
Event: 0.325 Thread 0x00007f2c5c0f4800   15             java.lang.Object::<init> (1 bytes)
Event: 0.326 Thread 0x00007f2c5c0f4800 nmethod 15 0x00007f2c59065010 code [0x00007f2c59065140, 0x00007f2c590651b8]
Event: 0.328 Thread 0x00007f2c5c0f2000 nmethod 13 0x00007f2c590662d0 code [0x00007f2c59066500, 0x00007f2c59066fd8]
Event: 0.359 Thread 0x00007f2c5c0f4800   16             java.lang.String::startsWith (78 bytes)
Event: 0.363 Thread 0x00007f2c5c0f4800 nmethod 16 0x00007f2c59064c10 code [0x00007f2c59064d60, 0x00007f2c59064f18]

GC Heap History (0 events):
No events

Deoptimization events (3 events):
Event: 0.314 Thread 0x00007f2c5c009800 Uncommon trap -34 fr.pc 0x00007f2c5905e8f0
Event: 0.314 Thread 0x00007f2c5c009800 Uncommon trap -34 fr.pc 0x00007f2c5905e8f0
Event: 0.314 Thread 0x00007f2c5c009800 Uncommon trap -34 fr.pc 0x00007f2c5905e8f0

Internal exceptions (10 events):
Event: 0.109 Thread 0x00007f2c5c009800 Threw 0x00000000eb904078 at /build/buildd/openjdk-6-6b33-1.13.5/build/openjdk/hotspot/src/share/vm/prims/jvm.cpp:1272
Event: 0.299 Thread 0x00007f2c5c009800 Threw 0x00000000eb9fd6a0 at /build/buildd/openjdk-6-6b33-1.13.5/build/openjdk/hotspot/src/share/vm/classfile/systemDictionary.cpp:1
Event: 0.299 Thread 0x00007f2c5c009800 Threw 0x00000000eb9fda28 at /build/buildd/openjdk-6-6b33-1.13.5/build/openjdk/hotspot/src/share/vm/prims/jvm.cpp:1272
Event: 0.302 Thread 0x00007f2c5c009800 Threw 0x00000000eba02498 at /build/buildd/openjdk-6-6b33-1.13.5/build/openjdk/hotspot/src/share/vm/classfile/systemDictionary.cpp:1
Event: 0.302 Thread 0x00007f2c5c009800 Threw 0x00000000eba02830 at /build/buildd/openjdk-6-6b33-1.13.5/build/openjdk/hotspot/src/share/vm/prims/jvm.cpp:1272
Event: 0.308 Thread 0x00007f2c5c009800 Threw 0x00000000eba07208 at /build/buildd/openjdk-6-6b33-1.13.5/build/openjdk/hotspot/src/share/vm/classfile/systemDictionary.cpp:1
Event: 0.308 Thread 0x00007f2c5c009800 Threw 0x00000000eba07590 at /build/buildd/openjdk-6-6b33-1.13.5/build/openjdk/hotspot/src/share/vm/prims/jvm.cpp:1272
Event: 0.320 Thread 0x00007f2c5c009800 Threw 0x00000000eba25950 at /build/buildd/openjdk-6-6b33-1.13.5/build/openjdk/hotspot/src/share/vm/classfile/systemDictionary.cpp:1
Event: 0.320 Thread 0x00007f2c5c009800 Threw 0x00000000eba25cb0 at /build/buildd/openjdk-6-6b33-1.13.5/build/openjdk/hotspot/src/share/vm/prims/jvm.cpp:1272
Event: 0.365 Thread 0x00007f2c5c009800 Threw 0x00000000eba95b80 at /build/buildd/openjdk-6-6b33-1.13.5/build/openjdk/hotspot/src/share/vm/prims/nativeLookup.cpp:376

Events (10 events):
Event: 0.323 loading class 0x00007f2c5c0c7450
Event: 0.324 loading class 0x00007f2c5c0c7450 done
Event: 0.324 loading class 0x00007f2c5c1b4dd0
Event: 0.324 loading class 0x00007f2c5c1b4dd0 done
Event: 0.324 loading class 0x00007f2c5c093950
Event: 0.324 loading class 0x00007f2c5c093950 done
Event: 0.324 loading class 0x00007f2c5c0cf680
Event: 0.324 loading class 0x00007f2c5c0cf680 done
Event: 0.324 loading class 0x00007f2c5c155fc0
Event: 0.324 loading class 0x00007f2c5c155fc0 done


Dynamic libraries:
00400000-00409000 r-xp 00000000 08:01 3014496                            /usr/lib/jvm/java-6-openjdk-amd64/jre/bin/java
00608000-00609000 r--p 00008000 08:01 3014496                            /usr/lib/jvm/java-6-openjdk-amd64/jre/bin/java
00609000-0060a000 rw-p 00009000 08:01 3014496                            /usr/lib/jvm/java-6-openjdk-amd64/jre/bin/java
0167d000-0169e000 rw-p 00000000 00:00 0                                  [heap]
b2a00000-b3ec0000 rw-p 00000000 00:00 0 
b3ec0000-c2a00000 rw-p 00000000 00:00 0 
c2a00000-c52e0000 rw-p 00000000 00:00 0 
c52e0000-eb8b0000 rw-p 00000000 00:00 0 
eb8b0000-ecd20000 rw-p 00000000 00:00 0 
ecd20000-100000000 rw-p 00000000 00:00 0 
7f2c24000000-7f2c24022000 rw-p 00000000 00:00 0 
7f2c24022000-7f2c28000000 ---p 00000000 00:00 0 
7f2c28000000-7f2c28021000 rw-p 00000000 00:00 0 
7f2c28021000-7f2c2c000000 ---p 00000000 00:00 0 
7f2c2c164000-7f2c2c167000 r-xp 00000000 08:01 2355221                    /usr/lib/x86_64-linux-gnu/gdk-pixbuf-2.0/2.10.0/loaders/libpixbufloader-bmp.so
7f2c2c167000-7f2c2c367000 ---p 00003000 08:01 2355221                    /usr/lib/x86_64-linux-gnu/gdk-pixbuf-2.0/2.10.0/loaders/libpixbufloader-bmp.so
7f2c2c367000-7f2c2c368000 r--p 00003000 08:01 2355221                    /usr/lib/x86_64-linux-gnu/gdk-pixbuf-2.0/2.10.0/loaders/libpixbufloader-bmp.so
7f2c2c368000-7f2c2c369000 rw-p 00004000 08:01 2355221                    /usr/lib/x86_64-linux-gnu/gdk-pixbuf-2.0/2.10.0/loaders/libpixbufloader-bmp.so
7f2c2c369000-7f2c2c36a000 ---p 00000000 00:00 0 
7f2c2c36a000-7f2c2cb6a000 rw-p 00000000 00:00 0 
7f2c2cb6a000-7f2c2cb71000 r-xp 00000000 08:01 2358150                    /usr/lib/x86_64-linux-gnu/gio/modules/libdconfsettings.so
7f2c2cb71000-7f2c2cd70000 ---p 00007000 08:01 2358150                    /usr/lib/x86_64-linux-gnu/gio/modules/libdconfsettings.so
7f2c2cd70000-7f2c2cd71000 r--p 00006000 08:01 2358150                    /usr/lib/x86_64-linux-gnu/gio/modules/libdconfsettings.so
7f2c2cd71000-7f2c2cd72000 rw-p 00007000 08:01 2358150                    /usr/lib/x86_64-linux-gnu/gio/modules/libdconfsettings.so
7f2c2cd72000-7f2c2cd82000 r-xp 00000000 08:01 1835205                    /usr/lib/liboverlay-scrollbar-0.2.so.0.0.16
7f2c2cd82000-7f2c2cf81000 ---p 00010000 08:01 1835205                    /usr/lib/liboverlay-scrollbar-0.2.so.0.0.16
7f2c2cf81000-7f2c2cf82000 r--p 0000f000 08:01 1835205                    /usr/lib/liboverlay-scrollbar-0.2.so.0.0.16
7f2c2cf82000-7f2c2cf83000 rw-p 00010000 08:01 1835205                    /usr/lib/liboverlay-scrollbar-0.2.so.0.0.16
7f2c2cf83000-7f2c2cfa2000 r-xp 00000000 08:01 2358175                    /usr/lib/x86_64-linux-gnu/libatk-1.0.so.0.20409.1
7f2c2cfa2000-7f2c2d1a2000 ---p 0001f000 08:01 2358175                    /usr/lib/x86_64-linux-gnu/libatk-1.0.so.0.20409.1
7f2c2d1a2000-7f2c2d1a4000 r--p 0001f000 08:01 2358175                    /usr/lib/x86_64-linux-gnu/libatk-1.0.so.0.20409.1
7f2c2d1a4000-7f2c2d1a5000 rw-p 00021000 08:01 2358175                    /usr/lib/x86_64-linux-gnu/libatk-1.0.so.0.20409.1
7f2c2d1a5000-7f2c2d5d3000 r-xp 00000000 08:01 2360896                    /usr/lib/x86_64-linux-gnu/libgtk-x11-2.0.so.0.2400.10
7f2c2d5d3000-7f2c2d7d2000 ---p 0042e000 08:01 2360896                    /usr/lib/x86_64-linux-gnu/libgtk-x11-2.0.so.0.2400.10
7f2c2d7d2000-7f2c2d7d9000 r--p 0042d000 08:01 2360896                    /usr/lib/x86_64-linux-gnu/libgtk-x11-2.0.so.0.2400.10
7f2c2d7d9000-7f2c2d7dd000 rw-p 00434000 08:01 2360896                    /usr/lib/x86_64-linux-gnu/libgtk-x11-2.0.so.0.2400.10
7f2c2d7dd000-7f2c2d7df000 rw-p 00000000 00:00 0 
7f2c2d7df000-7f2c2d7e4000 r-xp 00000000 08:01 2358412                    /usr/lib/x86_64-linux-gnu/libXdmcp.so.6.0.0
7f2c2d7e4000-7f2c2d9e3000 ---p 00005000 08:01 2358412                    /usr/lib/x86_64-linux-gnu/libXdmcp.so.6.0.0
7f2c2d9e3000-7f2c2d9e4000 r--p 00004000 08:01 2358412                    /usr/lib/x86_64-linux-gnu/libXdmcp.so.6.0.0
7f2c2d9e4000-7f2c2d9e5000 rw-p 00005000 08:01 2358412                    /usr/lib/x86_64-linux-gnu/libXdmcp.so.6.0.0
7f2c2d9e5000-7f2c2d9e7000 r-xp 00000000 08:01 2358410                    /usr/lib/x86_64-linux-gnu/libXau.so.6.0.0
7f2c2d9e7000-7f2c2dbe6000 ---p 00002000 08:01 2358410                    /usr/lib/x86_64-linux-gnu/libXau.so.6.0.0
7f2c2dbe6000-7f2c2dbe7000 r--p 00001000 08:01 2358410                    /usr/lib/x86_64-linux-gnu/libXau.so.6.0.0
7f2c2dbe7000-7f2c2dbe8000 rw-p 00002000 08:01 2358410                    /usr/lib/x86_64-linux-gnu/libXau.so.6.0.0
7f2c2dbe8000-7f2c2dc05000 r-xp 00000000 08:01 2356932                    /usr/lib/x86_64-linux-gnu/libxcb.so.1.1.0
7f2c2dc05000-7f2c2de04000 ---p 0001d000 08:01 2356932                    /usr/lib/x86_64-linux-gnu/libxcb.so.1.1.0
7f2c2de04000-7f2c2de05000 r--p 0001c000 08:01 2356932                    /usr/lib/x86_64-linux-gnu/libxcb.so.1.1.0
7f2c2de05000-7f2c2de06000 rw-p 0001d000 08:01 2356932                    /usr/lib/x86_64-linux-gnu/libxcb.so.1.1.0
7f2c2de06000-7f2c2de0e000 r-xp 00000000 08:01 2358217                    /usr/lib/x86_64-linux-gnu/libxcb-render.so.0.0.0
7f2c2de0e000-7f2c2e00e000 ---p 00008000 08:01 2358217                    /usr/lib/x86_64-linux-gnu/libxcb-render.so.0.0.0
7f2c2e00e000-7f2c2e00f000 r--p 00008000 08:01 2358217                    /usr/lib/x86_64-linux-gnu/libxcb-render.so.0.0.0
7f2c2e00f000-7f2c2e010000 rw-p 00009000 08:01 2358217                    /usr/lib/x86_64-linux-gnu/libxcb-render.so.0.0.0
7f2c2e010000-7f2c2e012000 r-xp 00000000 08:01 2358220                    /usr/lib/x86_64-linux-gnu/libxcb-shm.so.0.0.0
7f2c2e012000-7f2c2e211000 ---p 00002000 08:01 2358220                    /usr/lib/x86_64-linux-gnu/libxcb-shm.so.0.0.0
7f2c2e211000-7f2c2e212000 r--p 00001000 08:01 2358220                    /usr/lib/x86_64-linux-gnu/libxcb-shm.so.0.0.0
7f2c2e212000-7f2c2e213000 rw-p 00002000 08:01 2358220                    /usr/lib/x86_64-linux-gnu/libxcb-shm.so.0.0.0
7f2c2e213000-7f2c2e239000 r-xp 00000000 08:01 139848                     /lib/x86_64-linux-gnu/libpng12.so.0.46.0
7f2c2e239000-7f2c2e439000 ---p 00026000 08:01 139848                     /lib/x86_64-linux-gnu/libpng12.so.0.46.0
7f2c2e439000-7f2c2e43a000 r--p 00026000 08:01 139848                     /lib/x86_64-linux-gnu/libpng12.so.0.46.0
7f2c2e43a000-7f2c2e43b000 rw-p 00027000 08:01 139848                     /lib/x86_64-linux-gnu/libpng12.so.0.46.0
7f2c2e43b000-7f2c2e4cb000 r-xp 00000000 08:01 2358308                    /usr/lib/x86_64-linux-gnu/libpixman-1.so.0.30.2
7f2c2e4cb000-7f2c2e6ca000 ---p 00090000 08:01 2358308                    /usr/lib/x86_64-linux-gnu/libpixman-1.so.0.30.2
7f2c2e6ca000-7f2c2e6d1000 r--p 0008f000 08:01 2358308                    /usr/lib/x86_64-linux-gnu/libpixman-1.so.0.30.2
7f2c2e6d1000-7f2c2e6d2000 rw-p 00096000 08:01 2358308                    /usr/lib/x86_64-linux-gnu/libpixman-1.so.0.30.2
7f2c2e6d2000-7f2c2e6f9000 r-xp 00000000 08:01 139905                     /lib/x86_64-linux-gnu/libexpat.so.1.5.2
7f2c2e6f9000-7f2c2e8f9000 ---p 00027000 08:01 139905                     /lib/x86_64-linux-gnu/libexpat.so.1.5.2
7f2c2e8f9000-7f2c2e8fb000 r--p 00027000 08:01 139905                     /lib/x86_64-linux-gnu/libexpat.so.1.5.2
7f2c2e8fb000-7f2c2e8fc000 rw-p 00029000 08:01 139905                     /lib/x86_64-linux-gnu/libexpat.so.1.5.2
7f2c2e8fc000-7f2c2e914000 r-xp 00000000 08:01 133415                     /lib/x86_64-linux-gnu/libresolv-2.15.so
7f2c2e914000-7f2c2eb14000 ---p 00018000 08:01 133415                     /lib/x86_64-linux-gnu/libresolv-2.15.so
7f2c2eb14000-7f2c2eb15000 r--p 00018000 08:01 133415                     /lib/x86_64-linux-gnu/libresolv-2.15.so
7f2c2eb15000-7f2c2eb16000 rw-p 00019000 08:01 133415                     /lib/x86_64-linux-gnu/libresolv-2.15.so
7f2c2eb16000-7f2c2eb18000 rw-p 00000000 00:00 0 
7f2c2eb18000-7f2c2eb35000 r-xp 00000000 08:01 139881                     /lib/x86_64-linux-gnu/libselinux.so.1
7f2c2eb35000-7f2c2ed34000 ---p 0001d000 08:01 139881                     /lib/x86_64-linux-gnu/libselinux.so.1
7f2c2ed34000-7f2c2ed35000 r--p 0001c000 08:01 139881                     /lib/x86_64-linux-gnu/libselinux.so.1
7f2c2ed35000-7f2c2ed36000 rw-p 0001d000 08:01 139881                     /lib/x86_64-linux-gnu/libselinux.so.1
7f2c2ed36000-7f2c2ed37000 rw-p 00000000 00:00 0 
7f2c2ed37000-7f2c2ed3a000 r-xp 00000000 08:01 2358208                    /usr/lib/x86_64-linux-gnu/libgmodule-2.0.so.0.3200.4
7f2c2ed3a000-7f2c2ef39000 ---p 00003000 08:01 2358208                    /usr/lib/x86_64-linux-gnu/libgmodule-2.0.so.0.3200.4
7f2c2ef39000-7f2c2ef3a000 r--p 00002000 08:01 2358208                    /usr/lib/x86_64-linux-gnu/libgmodule-2.0.so.0.3200.4
7f2c2ef3a000-7f2c2ef3b000 rw-p 00003000 08:01 2358208                    /usr/lib/x86_64-linux-gnu/libgmodule-2.0.so.0.3200.4
7f2c2ef3b000-7f2c2efd1000 r-xp 00000000 08:01 2358118                    /usr/lib/x86_64-linux-gnu/libfreetype.so.6.8.0
7f2c2efd1000-7f2c2f1d0000 ---p 00096000 08:01 2358118                    /usr/lib/x86_64-linux-gnu/libfreetype.so.6.8.0
7f2c2f1d0000-7f2c2f1d6000 r--p 00095000 08:01 2358118                    /usr/lib/x86_64-linux-gnu/libfreetype.so.6.8.0
7f2c2f1d6000-7f2c2f1d7000 rw-p 0009b000 08:01 2358118                    /usr/lib/x86_64-linux-gnu/libfreetype.so.6.8.0
7f2c2f1d7000-7f2c2f200000 r-xp 00000000 08:01 2360447                    /usr/lib/x86_64-linux-gnu/libpangoft2-1.0.so.0.3000.0
7f2c2f200000-7f2c2f3ff000 ---p 00029000 08:01 2360447                    /usr/lib/x86_64-linux-gnu/libpangoft2-1.0.so.0.3000.0
7f2c2f3ff000-7f2c2f400000 r--p 00028000 08:01 2360447                    /usr/lib/x86_64-linux-gnu/libpangoft2-1.0.so.0.3000.0
7f2c2f400000-7f2c2f401000 rw-p 00029000 08:01 2360447                    /usr/lib/x86_64-linux-gnu/libpangoft2-1.0.so.0.3000.0
7f2c2f401000-7f2c2f531000 r-xp 00000000 08:01 2356934                    /usr/lib/x86_64-linux-gnu/libX11.so.6.3.0
7f2c2f531000-7f2c2f731000 ---p 00130000 08:01 2356934                    /usr/lib/x86_64-linux-gnu/libX11.so.6.3.0
7f2c2f731000-7f2c2f732000 r--p 00130000 08:01 2356934                    /usr/lib/x86_64-linux-gnu/libX11.so.6.3.0
7f2c2f732000-7f2c2f736000 rw-p 00131000 08:01 2356934                    /usr/lib/x86_64-linux-gnu/libX11.so.6.3.0
7f2c2f736000-7f2c2f7ef000 r-xp 00000000 08:01 2359528                    /usr/lib/x86_64-linux-gnu/libcairo.so.2.11000.2
7f2c2f7ef000-7f2c2f9ee000 ---p 000b9000 08:01 2359528                    /usr/lib/x86_64-linux-gnu/libcairo.so.2.11000.2
7f2c2f9ee000-7f2c2f9f0000 r--p 000b8000 08:01 2359528                    /usr/lib/x86_64-linux-gnu/libcairo.so.2.11000.2
7f2c2f9f0000-7f2c2f9f1000 rw-p 000ba000 08:01 2359528                    /usr/lib/x86_64-linux-gnu/libcairo.so.2.11000.2
7f2c2f9f1000-7f2c2f9f4000 rw-p 00000000 00:00 0 
7f2c2f9f4000-7f2c2f9f9000 r-xp 00000000 08:01 2357077                    /usr/lib/x86_64-linux-gnu/libXfixes.so.3.1.0
7f2c2f9f9000-7f2c2fbf8000 ---p 00005000 08:01 2357077                    /usr/lib/x86_64-linux-gnu/libXfixes.so.3.1.0
7f2c2fbf8000-7f2c2fbf9000 r--p 00004000 08:01 2357077                    /usr/lib/x86_64-linux-gnu/libXfixes.so.3.1.0
7f2c2fbf9000-7f2c2fbfa000 rw-p 00005000 08:01 2357077                    /usr/lib/x86_64-linux-gnu/libXfixes.so.3.1.0
7f2c2fbfa000-7f2c2fbfc000 r-xp 00000000 08:01 2358256                    /usr/lib/x86_64-linux-gnu/libXdamage.so.1.1.0
7f2c2fbfc000-7f2c2fdfb000 ---p 00002000 08:01 2358256                    /usr/lib/x86_64-linux-gnu/libXdamage.so.1.1.0
7f2c2fdfb000-7f2c2fdfc000 r--p 00001000 08:01 2358256                    /usr/lib/x86_64-linux-gnu/libXdamage.so.1.1.0
7f2c2fdfc000-7f2c2fdfd000 rw-p 00002000 08:01 2358256                    /usr/lib/x86_64-linux-gnu/libXdamage.so.1.1.0
7f2c2fdfd000-7f2c2fdff000 r-xp 00000000 08:01 2358254                    /usr/lib/x86_64-linux-gnu/libXcomposite.so.1.0.0
7f2c2fdff000-7f2c2fffe000 ---p 00002000 08:01 2358254                    /usr/lib/x86_64-linux-gnu/libXcomposite.so.1.0.0
7f2c2fffe000-7f2c2ffff000 r--p 00001000 08:01 2358254                    /usr/lib/x86_64-linux-gnu/libXcomposite.so.1.0.0
7f2c2ffff000-7f2c30000000 rw-p 00002000 08:01 2358254                    /usr/lib/x86_64-linux-gnu/libXcomposite.so.1.0.0
7f2c30000000-7f2c301a8000 rw-p 00000000 00:00 0 
7f2c301a8000-7f2c34000000 ---p 00000000 00:00 0 
7f2c34000000-7f2c34021000 rw-p 00000000 00:00 0 
7f2c34021000-7f2c38000000 ---p 00000000 00:00 0 
7f2c38000000-7f2c38021000 rw-p 00000000 00:00 0 
7f2c38021000-7f2c3c000000 ---p 00000000 00:00 0 
7f2c3c000000-7f2c3c20a000 rw-p 00000000 00:00 0 
7f2c3c20a000-7f2c40000000 ---p 00000000 00:00 0 
7f2c40000000-7f2c40021000 rw-p 00000000 00:00 0 
7f2c40021000-7f2c44000000 ---p 00000000 00:00 0 
7f2c44000000-7f2c44021000 rw-p 00000000 00:00 0 
7f2c44021000-7f2c48000000 ---p 00000000 00:00 0 
7f2c48000000-7f2c48021000 rw-p 00000000 00:00 0 
7f2c48021000-7f2c4c000000 ---p 00000000 00:00 0 
7f2c4c000000-7f2c4c021000 rw-p 00000000 00:00 0 
7f2c4c021000-7f2c50000000 ---p 00000000 00:00 0 
7f2c50116000-7f2c5011f000 r-xp 00000000 08:01 2359836                    /usr/lib/x86_64-linux-gnu/libXcursor.so.1.0.2
7f2c5011f000-7f2c5031e000 ---p 00009000 08:01 2359836                    /usr/lib/x86_64-linux-gnu/libXcursor.so.1.0.2
7f2c5031e000-7f2c5031f000 r--p 00008000 08:01 2359836                    /usr/lib/x86_64-linux-gnu/libXcursor.so.1.0.2
7f2c5031f000-7f2c50320000 rw-p 00009000 08:01 2359836                    /usr/lib/x86_64-linux-gnu/libXcursor.so.1.0.2
7f2c50320000-7f2c50327000 r-xp 00000000 08:01 2357210                    /usr/lib/x86_64-linux-gnu/libXrandr.so.2.2.0
7f2c50327000-7f2c50526000 ---p 00007000 08:01 2357210                    /usr/lib/x86_64-linux-gnu/libXrandr.so.2.2.0
7f2c50526000-7f2c50527000 r--p 00006000 08:01 2357210                    /usr/lib/x86_64-linux-gnu/libXrandr.so.2.2.0
7f2c50527000-7f2c50528000 rw-p 00007000 08:01 2357210                    /usr/lib/x86_64-linux-gnu/libXrandr.so.2.2.0
7f2c50528000-7f2c50537000 r-xp 00000000 08:01 2357882                    /usr/lib/x86_64-linux-gnu/libXi.so.6.1.0
7f2c50537000-7f2c50736000 ---p 0000f000 08:01 2357882                    /usr/lib/x86_64-linux-gnu/libXi.so.6.1.0
7f2c50736000-7f2c50737000 r--p 0000e000 08:01 2357882                    /usr/lib/x86_64-linux-gnu/libXi.so.6.1.0
7f2c50737000-7f2c50738000 rw-p 0000f000 08:01 2357882                    /usr/lib/x86_64-linux-gnu/libXi.so.6.1.0
7f2c50738000-7f2c5073a000 r-xp 00000000 08:01 2359904                    /usr/lib/x86_64-linux-gnu/libXinerama.so.1.0.0
7f2c5073a000-7f2c50939000 ---p 00002000 08:01 2359904                    /usr/lib/x86_64-linux-gnu/libXinerama.so.1.0.0
7f2c50939000-7f2c5093a000 r--p 00001000 08:01 2359904                    /usr/lib/x86_64-linux-gnu/libXinerama.so.1.0.0
7f2c5093a000-7f2c5093b000 rw-p 00002000 08:01 2359904                    /usr/lib/x86_64-linux-gnu/libXinerama.so.1.0.0
7f2c5093b000-7f2c50944000 r-xp 00000000 08:01 2359520                    /usr/lib/x86_64-linux-gnu/libXrender.so.1.3.0
7f2c50944000-7f2c50b43000 ---p 00009000 08:01 2359520                    /usr/lib/x86_64-linux-gnu/libXrender.so.1.3.0
7f2c50b43000-7f2c50b44000 r--p 00008000 08:01 2359520                    /usr/lib/x86_64-linux-gnu/libXrender.so.1.3.0
7f2c50b44000-7f2c50b45000 rw-p 00009000 08:01 2359520                    /usr/lib/x86_64-linux-gnu/libXrender.so.1.3.0
7f2c50b45000-7f2c50b55000 r-xp 00000000 08:01 2357238                    /usr/lib/x86_64-linux-gnu/libXext.so.6.4.0
7f2c50b55000-7f2c50d54000 ---p 00010000 08:01 2357238                    /usr/lib/x86_64-linux-gnu/libXext.so.6.4.0
7f2c50d54000-7f2c50d55000 r--p 0000f000 08:01 2357238                    /usr/lib/x86_64-linux-gnu/libXext.so.6.4.0
7f2c50d55000-7f2c50d56000 rw-p 00010000 08:01 2357238                    /usr/lib/x86_64-linux-gnu/libXext.so.6.4.0
7f2c50d56000-7f2c50d8a000 r-xp 00000000 08:01 2357866                    /usr/lib/x86_64-linux-gnu/libfontconfig.so.1.4.4
7f2c50d8a000-7f2c50f8a000 ---p 00034000 08:01 2357866                    /usr/lib/x86_64-linux-gnu/libfontconfig.so.1.4.4
7f2c50f8a000-7f2c50f8b000 r--p 00034000 08:01 2357866                    /usr/lib/x86_64-linux-gnu/libfontconfig.so.1.4.4
7f2c50f8b000-7f2c50f8c000 rw-p 00035000 08:01 2357866                    /usr/lib/x86_64-linux-gnu/libfontconfig.so.1.4.4
7f2c50f8c000-7f2c510d4000 r-xp 00000000 08:01 2360957                    /usr/lib/x86_64-linux-gnu/libgio-2.0.so.0.3200.4
7f2c510d4000-7f2c512d3000 ---p 00148000 08:01 2360957                    /usr/lib/x86_64-linux-gnu/libgio-2.0.so.0.3200.4
7f2c512d3000-7f2c512d7000 r--p 00147000 08:01 2360957                    /usr/lib/x86_64-linux-gnu/libgio-2.0.so.0.3200.4
7f2c512d7000-7f2c512d9000 rw-p 0014b000 08:01 2360957                    /usr/lib/x86_64-linux-gnu/libgio-2.0.so.0.3200.4
7f2c512d9000-7f2c512db000 rw-p 00000000 00:00 0 
7f2c512db000-7f2c512f9000 r-xp 00000000 08:01 2355214                    /usr/lib/x86_64-linux-gnu/libgdk_pixbuf-2.0.so.0.2600.1
7f2c512f9000-7f2c514f9000 ---p 0001e000 08:01 2355214                    /usr/lib/x86_64-linux-gnu/libgdk_pixbuf-2.0.so.0.2600.1
7f2c514f9000-7f2c514fa000 r--p 0001e000 08:01 2355214                    /usr/lib/x86_64-linux-gnu/libgdk_pixbuf-2.0.so.0.2600.1
7f2c514fa000-7f2c514fb000 rw-p 0001f000 08:01 2355214                    /usr/lib/x86_64-linux-gnu/libgdk_pixbuf-2.0.so.0.2600.1
7f2c514fb000-7f2c51541000 r-xp 00000000 08:01 2360448                    /usr/lib/x86_64-linux-gnu/libpango-1.0.so.0.3000.0
7f2c51541000-7f2c51741000 ---p 00046000 08:01 2360448                    /usr/lib/x86_64-linux-gnu/libpango-1.0.so.0.3000.0
7f2c51741000-7f2c51743000 r--p 00046000 08:01 2360448                    /usr/lib/x86_64-linux-gnu/libpango-1.0.so.0.3000.0
7f2c51743000-7f2c51744000 rw-p 00048000 08:01 2360448                    /usr/lib/x86_64-linux-gnu/libpango-1.0.so.0.3000.0
7f2c51744000-7f2c5174f000 r-xp 00000000 08:01 2360467                    /usr/lib/x86_64-linux-gnu/libpangocairo-1.0.so.0.3000.0
7f2c5174f000-7f2c5194e000 ---p 0000b000 08:01 2360467                    /usr/lib/x86_64-linux-gnu/libpangocairo-1.0.so.0.3000.0
7f2c5194e000-7f2c5194f000 r--p 0000a000 08:01 2360467                    /usr/lib/x86_64-linux-gnu/libpangocairo-1.0.so.0.3000.0
7f2c5194f000-7f2c51950000 rw-p 0000b000 08:01 2360467                    /usr/lib/x86_64-linux-gnu/libpangocairo-1.0.so.0.3000.0
7f2c51950000-7f2c54000000 rw-p 00000000 00:00 0 
7f2c54000000-7f2c54021000 rw-p 00000000 00:00 0 
7f2c54021000-7f2c58000000 ---p 00000000 00:00 0 
7f2c58151000-7f2c581b4000 rw-p 00000000 00:00 0 
7f2c581b4000-7f2c58261000 r-xp 00000000 08:01 2360850                    /usr/lib/x86_64-linux-gnu/libgdk-x11-2.0.so.0.2400.10
7f2c58261000-7f2c58460000 ---p 000ad000 08:01 2360850                    /usr/lib/x86_64-linux-gnu/libgdk-x11-2.0.so.0.2400.10
7f2c58460000-7f2c58464000 r--p 000ac000 08:01 2360850                    /usr/lib/x86_64-linux-gnu/libgdk-x11-2.0.so.0.2400.10
7f2c58464000-7f2c58466000 rw-p 000b0000 08:01 2360850                    /usr/lib/x86_64-linux-gnu/libgdk-x11-2.0.so.0.2400.10
7f2c58466000-7f2c584a2000 r-xp 00000000 08:01 139886                     /lib/x86_64-linux-gnu/libpcre.so.3.12.1
7f2c584a2000-7f2c586a1000 ---p 0003c000 08:01 139886                     /lib/x86_64-linux-gnu/libpcre.so.3.12.1
7f2c586a1000-7f2c586a2000 r--p 0003b000 08:01 139886                     /lib/x86_64-linux-gnu/libpcre.so.3.12.1
7f2c586a2000-7f2c586a3000 rw-p 0003c000 08:01 139886                     /lib/x86_64-linux-gnu/libpcre.so.3.12.1
7f2c586a3000-7f2c586aa000 r-xp 00000000 08:01 2357988                    /usr/lib/x86_64-linux-gnu/libffi.so.6.0.0
7f2c586aa000-7f2c588a9000 ---p 00007000 08:01 2357988                    /usr/lib/x86_64-linux-gnu/libffi.so.6.0.0
7f2c588a9000-7f2c588aa000 r--p 00006000 08:01 2357988                    /usr/lib/x86_64-linux-gnu/libffi.so.6.0.0
7f2c588aa000-7f2c588ab000 rw-p 00007000 08:01 2357988                    /usr/lib/x86_64-linux-gnu/libffi.so.6.0.0
7f2c588ab000-7f2c5899d000 r-xp 00000000 08:01 141246                     /lib/x86_64-linux-gnu/libglib-2.0.so.0.3200.4
7f2c5899d000-7f2c58b9d000 ---p 000f2000 08:01 141246                     /lib/x86_64-linux-gnu/libglib-2.0.so.0.3200.4
7f2c58b9d000-7f2c58b9e000 r--p 000f2000 08:01 141246                     /lib/x86_64-linux-gnu/libglib-2.0.so.0.3200.4
7f2c58b9e000-7f2c58b9f000 rw-p 000f3000 08:01 141246                     /lib/x86_64-linux-gnu/libglib-2.0.so.0.3200.4
7f2c58b9f000-7f2c58ba0000 rw-p 00000000 00:00 0 
7f2c58ba0000-7f2c58bed000 r-xp 00000000 08:01 2360959                    /usr/lib/x86_64-linux-gnu/libgobject-2.0.so.0.3200.4
7f2c58bed000-7f2c58ded000 ---p 0004d000 08:01 2360959                    /usr/lib/x86_64-linux-gnu/libgobject-2.0.so.0.3200.4
7f2c58ded000-7f2c58dee000 r--p 0004d000 08:01 2360959                    /usr/lib/x86_64-linux-gnu/libgobject-2.0.so.0.3200.4
7f2c58dee000-7f2c58def000 rw-p 0004e000 08:01 2360959                    /usr/lib/x86_64-linux-gnu/libgobject-2.0.so.0.3200.4
7f2c58def000-7f2c58dfe000 r-xp 00000000 08:01 689728                     /usr/local/stow/eclipse-java-indigo-SR2-linux-gtk/eclipse/plugins/org.eclipse.equinox.launcher.gtk.linux.x86_64_1.1.100.v20110505/eclipse_1407.so
7f2c58dfe000-7f2c58efd000 ---p 0000f000 08:01 689728                     /usr/local/stow/eclipse-java-indigo-SR2-linux-gtk/eclipse/plugins/org.eclipse.equinox.launcher.gtk.linux.x86_64_1.1.100.v20110505/eclipse_1407.so
7f2c58efd000-7f2c58eff000 rw-p 0000e000 08:01 689728                     /usr/local/stow/eclipse-java-indigo-SR2-linux-gtk/eclipse/plugins/org.eclipse.equinox.launcher.gtk.linux.x86_64_1.1.100.v20110505/eclipse_1407.so
7f2c58eff000-7f2c58f00000 ---p 00000000 00:00 0 
7f2c58f00000-7f2c59000000 rw-p 00000000 00:00 0 
7f2c59000000-7f2c59270000 rwxp 00000000 00:00 0 
7f2c59270000-7f2c5c24f000 rw-p 00000000 00:00 0 
7f2c5c24f000-7f2c60000000 ---p 00000000 00:00 0 
7f2c60036000-7f2c60055000 r--s 00000000 08:01 1051068                    /usr/share/mime/mime.cache
7f2c60055000-7f2c60056000 r--s 00000000 08:01 1869604                    /usr/local/stow/local-scripts/share/mime/mime.cache
7f2c60057000-7f2c60059000 r--p 00000000 00:22 3776                       /cshome/tshen/.config/dconf/user
7f2c60059000-7f2c60083000 r--p 00000000 08:01 657432                     /usr/share/glib-2.0/schemas/gschemas.compiled
7f2c60083000-7f2c60086000 r--s 00013000 08:01 3032055                    /usr/lib/jvm/java-6-openjdk-common/jre/lib/jce.jar
7f2c60086000-7f2c6008a000 r--s 0003c000 08:01 3032051                    /usr/lib/jvm/java-6-openjdk-common/jre/lib/jsse.jar
7f2c6008a000-7f2c6008d000 r--s 0003a000 08:01 3032070                    /usr/lib/jvm/java-6-openjdk-common/jre/lib/ext/sunpkcs11.jar
7f2c6008d000-7f2c60090000 r--s 00077000 08:01 3032072                    /usr/lib/jvm/java-6-openjdk-common/jre/lib/ext/localedata.jar
7f2c60090000-7f2c60091000 r--s 00007000 08:01 789294                     /usr/share/java/java-atk-wrapper.jar
7f2c60091000-7f2c60093000 r--s 0000f000 08:01 3032069                    /usr/lib/jvm/java-6-openjdk-common/jre/lib/ext/pulse-java.jar
7f2c60093000-7f2c60095000 r--s 00001000 08:01 3032071                    /usr/lib/jvm/java-6-openjdk-common/jre/lib/ext/dnsns.jar
7f2c60095000-7f2c60098000 ---p 00000000 00:00 0 
7f2c60098000-7f2c60196000 rw-p 00000000 00:00 0 
7f2c60196000-7f2c60199000 ---p 00000000 00:00 0 
7f2c60199000-7f2c60297000 rw-p 00000000 00:00 0 
7f2c60297000-7f2c6029a000 ---p 00000000 00:00 0 
7f2c6029a000-7f2c60398000 rw-p 00000000 00:00 0 
7f2c60398000-7f2c6039b000 ---p 00000000 00:00 0 
7f2c6039b000-7f2c60499000 rw-p 00000000 00:00 0 
7f2c60499000-7f2c60a40000 r--p 00000000 08:01 151120                     /usr/lib/locale/locale-archive
7f2c60a40000-7f2c60a43000 ---p 00000000 00:00 0 
7f2c60a43000-7f2c60b41000 rw-p 00000000 00:00 0 
7f2c60b41000-7f2c60b44000 ---p 00000000 00:00 0 
7f2c60b44000-7f2c60c42000 rw-p 00000000 00:00 0 
7f2c60c42000-7f2c60c43000 ---p 00000000 00:00 0 
7f2c60c43000-7f2c616e2000 rw-p 00000000 00:00 0 
7f2c616e2000-7f2c61879000 r--s 01a18000 08:01 3034376                    /usr/lib/jvm/java-6-openjdk-amd64/jre/lib/rt.jar
7f2c61879000-7f2c62225000 rw-p 00000000 00:00 0 
7f2c62225000-7f2c62226000 ---p 00000000 00:00 0 
7f2c62226000-7f2c62326000 rw-p 00000000 00:00 0 
7f2c62326000-7f2c62327000 ---p 00000000 00:00 0 
7f2c62327000-7f2c62432000 rw-p 00000000 00:00 0 
7f2c62432000-7f2c624a7000 rw-p 00000000 00:00 0 
7f2c624a7000-7f2c624bc000 rw-p 00000000 00:00 0 
7f2c624bc000-7f2c625ef000 rw-p 00000000 00:00 0 
7f2c625ef000-7f2c625fa000 rw-p 00000000 00:00 0 
7f2c625fa000-7f2c6266f000 rw-p 00000000 00:00 0 
7f2c6266f000-7f2c62684000 rw-p 00000000 00:00 0 
7f2c62684000-7f2c627b6000 rw-p 00000000 00:00 0 
7f2c627b6000-7f2c627c1000 rw-p 00000000 00:00 0 
7f2c627c1000-7f2c6285a000 rw-p 00000000 00:00 0 
7f2c6285a000-7f2c6285b000 rw-p 00000000 00:00 0 
7f2c6285b000-7f2c62862000 r-xp 00000000 08:01 3032858                    /usr/lib/jvm/java-6-openjdk-amd64/jre/lib/amd64/libzip.so
7f2c62862000-7f2c62a61000 ---p 00007000 08:01 3032858                    /usr/lib/jvm/java-6-openjdk-amd64/jre/lib/amd64/libzip.so
7f2c62a61000-7f2c62a62000 r--p 00006000 08:01 3032858                    /usr/lib/jvm/java-6-openjdk-amd64/jre/lib/amd64/libzip.so
7f2c62a62000-7f2c62a63000 rw-p 00007000 08:01 3032858                    /usr/lib/jvm/java-6-openjdk-amd64/jre/lib/amd64/libzip.so
7f2c62a63000-7f2c62a6d000 r-xp 00000000 08:01 134071                     /lib/x86_64-linux-gnu/libnss_nis-2.15.so
7f2c62a6d000-7f2c62c6d000 ---p 0000a000 08:01 134071                     /lib/x86_64-linux-gnu/libnss_nis-2.15.so
7f2c62c6d000-7f2c62c6e000 r--p 0000a000 08:01 134071                     /lib/x86_64-linux-gnu/libnss_nis-2.15.so
7f2c62c6e000-7f2c62c6f000 rw-p 0000b000 08:01 134071                     /lib/x86_64-linux-gnu/libnss_nis-2.15.so
7f2c62c6f000-7f2c62c86000 r-xp 00000000 08:01 133274                     /lib/x86_64-linux-gnu/libnsl-2.15.so
7f2c62c86000-7f2c62e85000 ---p 00017000 08:01 133274                     /lib/x86_64-linux-gnu/libnsl-2.15.so
7f2c62e85000-7f2c62e86000 r--p 00016000 08:01 133274                     /lib/x86_64-linux-gnu/libnsl-2.15.so
7f2c62e86000-7f2c62e87000 rw-p 00017000 08:01 133274                     /lib/x86_64-linux-gnu/libnsl-2.15.so
7f2c62e87000-7f2c62e89000 rw-p 00000000 00:00 0 
7f2c62e89000-7f2c62e96000 r-xp 00000000 08:01 134063                     /lib/x86_64-linux-gnu/libnss_nisplus-2.15.so
7f2c62e96000-7f2c63095000 ---p 0000d000 08:01 134063                     /lib/x86_64-linux-gnu/libnss_nisplus-2.15.so
7f2c63095000-7f2c63096000 r--p 0000c000 08:01 134063                     /lib/x86_64-linux-gnu/libnss_nisplus-2.15.so
7f2c63096000-7f2c63097000 rw-p 0000d000 08:01 134063                     /lib/x86_64-linux-gnu/libnss_nisplus-2.15.so
7f2c63097000-7f2c630a3000 r-xp 00000000 08:01 133276                     /lib/x86_64-linux-gnu/libnss_files-2.15.so
7f2c630a3000-7f2c632a2000 ---p 0000c000 08:01 133276                     /lib/x86_64-linux-gnu/libnss_files-2.15.so
7f2c632a2000-7f2c632a3000 r--p 0000b000 08:01 133276                     /lib/x86_64-linux-gnu/libnss_files-2.15.so
7f2c632a3000-7f2c632a4000 rw-p 0000c000 08:01 133276                     /lib/x86_64-linux-gnu/libnss_files-2.15.so
7f2c632a4000-7f2c632d1000 r-xp 00000000 08:01 3032894                    /usr/lib/jvm/java-6-openjdk-amd64/jre/lib/amd64/libjava.so
7f2c632d1000-7f2c634d0000 ---p 0002d000 08:01 3032894                    /usr/lib/jvm/java-6-openjdk-amd64/jre/lib/amd64/libjava.so
7f2c634d0000-7f2c634d1000 r--p 0002c000 08:01 3032894                    /usr/lib/jvm/java-6-openjdk-amd64/jre/lib/amd64/libjava.so
7f2c634d1000-7f2c634d4000 rw-p 0002d000 08:01 3032894                    /usr/lib/jvm/java-6-openjdk-amd64/jre/lib/amd64/libjava.so
7f2c634d4000-7f2c634e2000 r-xp 00000000 08:01 3032892                    /usr/lib/jvm/java-6-openjdk-amd64/jre/lib/amd64/libverify.so
7f2c634e2000-7f2c636e1000 ---p 0000e000 08:01 3032892                    /usr/lib/jvm/java-6-openjdk-amd64/jre/lib/amd64/libverify.so
7f2c636e1000-7f2c636e3000 r--p 0000d000 08:01 3032892                    /usr/lib/jvm/java-6-openjdk-amd64/jre/lib/amd64/libverify.so
7f2c636e3000-7f2c636e4000 rw-p 0000f000 08:01 3032892                    /usr/lib/jvm/java-6-openjdk-amd64/jre/lib/amd64/libverify.so
7f2c636e4000-7f2c636eb000 r-xp 00000000 08:01 131046                     /lib/x86_64-linux-gnu/librt-2.15.so
7f2c636eb000-7f2c638ea000 ---p 00007000 08:01 131046                     /lib/x86_64-linux-gnu/librt-2.15.so
7f2c638ea000-7f2c638eb000 r--p 00006000 08:01 131046                     /lib/x86_64-linux-gnu/librt-2.15.so
7f2c638eb000-7f2c638ec000 rw-p 00007000 08:01 131046                     /lib/x86_64-linux-gnu/librt-2.15.so
7f2c638ec000-7f2c63901000 r-xp 00000000 08:01 140080                     /lib/x86_64-linux-gnu/libgcc_s.so.1
7f2c63901000-7f2c63b00000 ---p 00015000 08:01 140080                     /lib/x86_64-linux-gnu/libgcc_s.so.1
7f2c63b00000-7f2c63b01000 r--p 00014000 08:01 140080                     /lib/x86_64-linux-gnu/libgcc_s.so.1
7f2c63b01000-7f2c63b02000 rw-p 00015000 08:01 140080                     /lib/x86_64-linux-gnu/libgcc_s.so.1
7f2c63b02000-7f2c63bfd000 r-xp 00000000 08:01 134065                     /lib/x86_64-linux-gnu/libm-2.15.so
7f2c63bfd000-7f2c63dfc000 ---p 000fb000 08:01 134065                     /lib/x86_64-linux-gnu/libm-2.15.so
7f2c63dfc000-7f2c63dfd000 r--p 000fa000 08:01 134065                     /lib/x86_64-linux-gnu/libm-2.15.so
7f2c63dfd000-7f2c63dfe000 rw-p 000fb000 08:01 134065                     /lib/x86_64-linux-gnu/libm-2.15.so
7f2c63dfe000-7f2c63ee0000 r-xp 00000000 08:01 2357949                    /usr/lib/x86_64-linux-gnu/libstdc++.so.6.0.16
7f2c63ee0000-7f2c640df000 ---p 000e2000 08:01 2357949                    /usr/lib/x86_64-linux-gnu/libstdc++.so.6.0.16
7f2c640df000-7f2c640e7000 r--p 000e1000 08:01 2357949                    /usr/lib/x86_64-linux-gnu/libstdc++.so.6.0.16
7f2c640e7000-7f2c640e9000 rw-p 000e9000 08:01 2357949                    /usr/lib/x86_64-linux-gnu/libstdc++.so.6.0.16
7f2c640e9000-7f2c640fe000 rw-p 00000000 00:00 0 
7f2c640fe000-7f2c64ad5000 r-xp 00000000 08:01 3034372                    /usr/lib/jvm/java-6-openjdk-amd64/jre/lib/amd64/server/libjvm.so
7f2c64ad5000-7f2c64cd4000 ---p 009d7000 08:01 3034372                    /usr/lib/jvm/java-6-openjdk-amd64/jre/lib/amd64/server/libjvm.so
7f2c64cd4000-7f2c64d53000 r--p 009d6000 08:01 3034372                    /usr/lib/jvm/java-6-openjdk-amd64/jre/lib/amd64/server/libjvm.so
7f2c64d53000-7f2c64d76000 rw-p 00a55000 08:01 3034372                    /usr/lib/jvm/java-6-openjdk-amd64/jre/lib/amd64/server/libjvm.so
7f2c64d76000-7f2c64da0000 rw-p 00000000 00:00 0 
7f2c64da0000-7f2c64db6000 r-xp 00000000 08:01 139977                     /lib/x86_64-linux-gnu/libz.so.1.2.3.4
7f2c64db6000-7f2c64fb5000 ---p 00016000 08:01 139977                     /lib/x86_64-linux-gnu/libz.so.1.2.3.4
7f2c64fb5000-7f2c64fb6000 r--p 00015000 08:01 139977                     /lib/x86_64-linux-gnu/libz.so.1.2.3.4
7f2c64fb6000-7f2c64fb7000 rw-p 00016000 08:01 139977                     /lib/x86_64-linux-gnu/libz.so.1.2.3.4
7f2c64fb7000-7f2c6516c000 r-xp 00000000 08:01 133278                     /lib/x86_64-linux-gnu/libc-2.15.so
7f2c6516c000-7f2c6536b000 ---p 001b5000 08:01 133278                     /lib/x86_64-linux-gnu/libc-2.15.so
7f2c6536b000-7f2c6536f000 r--p 001b4000 08:01 133278                     /lib/x86_64-linux-gnu/libc-2.15.so
7f2c6536f000-7f2c65371000 rw-p 001b8000 08:01 133278                     /lib/x86_64-linux-gnu/libc-2.15.so
7f2c65371000-7f2c65376000 rw-p 00000000 00:00 0 
7f2c65376000-7f2c65378000 r-xp 00000000 08:01 134087                     /lib/x86_64-linux-gnu/libdl-2.15.so
7f2c65378000-7f2c65578000 ---p 00002000 08:01 134087                     /lib/x86_64-linux-gnu/libdl-2.15.so
7f2c65578000-7f2c65579000 r--p 00002000 08:01 134087                     /lib/x86_64-linux-gnu/libdl-2.15.so
7f2c65579000-7f2c6557a000 rw-p 00003000 08:01 134087                     /lib/x86_64-linux-gnu/libdl-2.15.so
7f2c6557a000-7f2c6557e000 r-xp 00000000 08:01 3032846                    /usr/lib/jvm/java-6-openjdk-amd64/jre/lib/amd64/jli/libjli.so
7f2c6557e000-7f2c6577d000 ---p 00004000 08:01 3032846                    /usr/lib/jvm/java-6-openjdk-amd64/jre/lib/amd64/jli/libjli.so
7f2c6577d000-7f2c6577e000 r--p 00003000 08:01 3032846                    /usr/lib/jvm/java-6-openjdk-amd64/jre/lib/amd64/jli/libjli.so
7f2c6577e000-7f2c6577f000 rw-p 00004000 08:01 3032846                    /usr/lib/jvm/java-6-openjdk-amd64/jre/lib/amd64/jli/libjli.so
7f2c6577f000-7f2c65797000 r-xp 00000000 08:01 130950                     /lib/x86_64-linux-gnu/libpthread-2.15.so
7f2c65797000-7f2c65996000 ---p 00018000 08:01 130950                     /lib/x86_64-linux-gnu/libpthread-2.15.so
7f2c65996000-7f2c65997000 r--p 00017000 08:01 130950                     /lib/x86_64-linux-gnu/libpthread-2.15.so
7f2c65997000-7f2c65998000 rw-p 00018000 08:01 130950                     /lib/x86_64-linux-gnu/libpthread-2.15.so
7f2c65998000-7f2c6599c000 rw-p 00000000 00:00 0 
7f2c6599c000-7f2c659be000 r-xp 00000000 08:01 130892                     /lib/x86_64-linux-gnu/ld-2.15.so
7f2c659be000-7f2c659bf000 r--s 00000000 00:22 3782                       /cshome/tshen/.cache/dconf/user
7f2c659bf000-7f2c659c3000 r--s 00032000 08:01 3032068                    /usr/lib/jvm/java-6-openjdk-common/jre/lib/ext/sunjce_provider.jar
7f2c659c3000-7f2c659cd000 rw-p 00000000 00:00 0 
7f2c659cd000-7f2c65a83000 rw-p 00000000 00:00 0 
7f2c65a83000-7f2c65a86000 ---p 00000000 00:00 0 
7f2c65a86000-7f2c65b89000 rw-p 00000000 00:00 0 
7f2c65b89000-7f2c65b8a000 r--s 0000b000 08:01 2115685                    /usr/local/stow/eclipse-java-indigo-SR2-linux-gtk/eclipse/plugins/org.eclipse.equinox.launcher_1.2.0.v20110502.jar
7f2c65b8a000-7f2c65bb2000 rw-p 00000000 00:00 0 
7f2c65bb2000-7f2c65bba000 rw-s 00000000 08:06 16                         /tmp/hsperfdata_tshen/17644
7f2c65bba000-7f2c65bbb000 rw-p 00000000 00:00 0 
7f2c65bbb000-7f2c65bbc000 r--p 00000000 00:00 0 
7f2c65bbc000-7f2c65bbe000 rw-p 00000000 00:00 0 
7f2c65bbe000-7f2c65bbf000 r--p 00022000 08:01 130892                     /lib/x86_64-linux-gnu/ld-2.15.so
7f2c65bbf000-7f2c65bc1000 rw-p 00023000 08:01 130892                     /lib/x86_64-linux-gnu/ld-2.15.so
7fff29d16000-7fff29d4c000 rw-p 00000000 00:00 0                          [stack]
7fff29dff000-7fff29e00000 r-xp 00000000 00:00 0                          [vdso]
ffffffffff600000-ffffffffff601000 r-xp 00000000 00:00 0                  [vsyscall]

VM Arguments:
jvm_args: -Dosgi.locking=none -XX:MaxPermSize=256m 
java_command: /usr/local/stow/eclipse-java-indigo-SR2-linux-gtk/eclipse//plugins/org.eclipse.equinox.launcher_1.2.0.v20110502.jar -os linux -ws gtk -arch x86_64 -showsplash -launcher /usr/local/stow/eclipse-java-indigo-SR2-linux-gtk/eclipse/eclipse -name Eclipse --launcher.library /usr/local/stow/eclipse-java-indigo-SR2-linux-gtk/eclipse//plugins/org.eclipse.equinox.launcher.gtk.linux.x86_64_1.1.100.v20110505/eclipse_1407.so -startup /usr/local/stow/eclipse-java-indigo-SR2-linux-gtk/eclipse//plugins/org.eclipse.equinox.launcher_1.2.0.v20110502.jar --launcher.overrideVmargs -exitdata 160002 -product org.eclipse.epp.package.java.product android -vm /usr/bin/java -vmargs -Dosgi.locking=none -XX:MaxPermSize=256m -jar /usr/local/stow/eclipse-java-indigo-SR2-linux-gtk/eclipse//plugins/org.eclipse.equinox.launcher_1.2.0.v20110502.jar
Launcher Type: SUN_STANDARD

Environment Variables:
CLASSPATH=/oracle/jdbc/lib/ojdbc5.jar:/usr/share/java/db.jar:.
PATH=.:/usr/local/matlab/bin:/usr/local/sbin:/usr/local/bin:/usr/sbin:/usr/bin:/sbin:/bin:/usr/games:/oracle/bin:/oracle/sqldeveloper
LD_LIBRARY_PATH=/usr/lib/jvm/java-6-openjdk-amd64/jre/lib/amd64/server:/usr/lib/jvm/java-6-openjdk-amd64/jre/lib/amd64:/usr/lib/jvm/java-6-openjdk-amd64/jre/../lib/amd64:/oracle/lib
SHELL=/bin/bash
DISPLAY=localhost:10.0
ARCH=x86_64

Signal Handlers:
SIGSEGV: [libjvm.so+0x83dcf0], sa_mask[0]=0x7ffbfeff, sa_flags=0x10000004
SIGBUS: [libjvm.so+0x83dcf0], sa_mask[0]=0x7ffbfeff, sa_flags=0x10000004
SIGFPE: [libjvm.so+0x6de8f0], sa_mask[0]=0x7ffbfeff, sa_flags=0x10000004
SIGPIPE: SIG_IGN, sa_mask[0]=0x00001000, sa_flags=0x10000000
SIGXFSZ: [libjvm.so+0x6de8f0], sa_mask[0]=0x7ffbfeff, sa_flags=0x10000004
SIGILL: [libjvm.so+0x6de8f0], sa_mask[0]=0x7ffbfeff, sa_flags=0x10000004
SIGUSR1: SIG_DFL, sa_mask[0]=0x00000000, sa_flags=0x00000000
SIGUSR2: [libjvm.so+0x6ded30], sa_mask[0]=0x00000000, sa_flags=0x10000004
SIGHUP: [libjvm.so+0x6dee70], sa_mask[0]=0x7ffbfeff, sa_flags=0x10000004
SIGINT: [libjvm.so+0x6dee70], sa_mask[0]=0x7ffbfeff, sa_flags=0x10000004
SIGTERM: [libjvm.so+0x6dee70], sa_mask[0]=0x7ffbfeff, sa_flags=0x10000004
SIGQUIT: [libjvm.so+0x6dee70], sa_mask[0]=0x7ffbfeff, sa_flags=0x10000004


---------------  S Y S T E M  ---------------

OS:Ubuntu 12.04 (precise)
uname:Linux 3.2.0-74-generic #109-Ubuntu SMP Tue Dec 9 16:45:49 UTC 2014 x86_64
libc:glibc 2.15 NPTL 2.15 
rlimit: STACK 8192k, CORE 0k, NPROC 31223, NOFILE 4096, AS infinity
load average:0.01 0.02 0.05

/proc/meminfo:
MemTotal:        4016920 kB
MemFree:          881820 kB
Buffers:          730972 kB
Cached:           958388 kB
SwapCached:          400 kB
Active:           763500 kB
Inactive:        1020660 kB
Active(anon):      40636 kB
Inactive(anon):    54872 kB
Active(file):     722864 kB
Inactive(file):   965788 kB
Unevictable:           0 kB
Mlocked:               0 kB
SwapTotal:       8393956 kB
SwapFree:        8392004 kB
Dirty:                40 kB
Writeback:             0 kB
AnonPages:         94488 kB
Mapped:            24248 kB
Shmem:               712 kB
Slab:            1261080 kB
SReclaimable:    1238604 kB
SUnreclaim:        22476 kB
KernelStack:        2320 kB
PageTables:         8328 kB
NFS_Unstable:          0 kB
Bounce:                0 kB
WritebackTmp:          0 kB
CommitLimit:    10402416 kB
Committed_AS:     551560 kB
VmallocTotal:   34359738367 kB
VmallocUsed:       34316 kB
VmallocChunk:   34357649416 kB
HardwareCorrupted:     0 kB
AnonHugePages:         0 kB
HugePages_Total:       0
HugePages_Free:        0
HugePages_Rsvd:        0
HugePages_Surp:        0
Hugepagesize:       2048 kB
DirectMap4k:      171456 kB
DirectMap2M:     3923968 kB


CPU:total 2 (1 cores per cpu, 1 threads per core) family 15 model 5 stepping 10, cmov, cx8, fxsr, mmx, sse, sse2, mmxext, 3dnowpref, tsc

/proc/cpuinfo:
processor	: 0
vendor_id	: AuthenticAMD
cpu family	: 15
model		: 5
model name	: AMD Opteron(tm) Processor 250
stepping	: 10
microcode	: 0x3a
cpu MHz		: 2393.025
cache size	: 1024 KB
fpu		: yes
fpu_exception	: yes
cpuid level	: 1
wp		: yes
flags		: fpu vme de pse tsc msr pae mce cx8 apic sep mtrr pge mca cmov pat pse36 clflush mmx fxsr sse sse2 syscall nx mmxext lm 3dnowext 3dnow rep_good nopl extd_apicid
bogomips	: 4786.05
TLB size	: 1024 4K pages
clflush size	: 64
cache_alignment	: 64
address sizes	: 40 bits physical, 48 bits virtual
power management: ts fid vid ttp

processor	: 1
vendor_id	: AuthenticAMD
cpu family	: 15
model		: 5
model name	: AMD Opteron(tm) Processor 250
stepping	: 10
microcode	: 0x3a
cpu MHz		: 2393.025
cache size	: 1024 KB
fpu		: yes
fpu_exception	: yes
cpuid level	: 1
wp		: yes
flags		: fpu vme de pse tsc msr pae mce cx8 apic sep mtrr pge mca cmov pat pse36 clflush mmx fxsr sse sse2 syscall nx mmxext lm 3dnowext 3dnow rep_good nopl extd_apicid
bogomips	: 4786.65
TLB size	: 1024 4K pages
clflush size	: 64
cache_alignment	: 64
address sizes	: 40 bits physical, 48 bits virtual
power management: ts fid vid ttp



Memory: 4k page, physical 4016920k(881820k free), swap 8393956k(8392004k free)

vm_info: OpenJDK 64-Bit Server VM (23.25-b01) for linux-amd64 JRE (1.6.0_33-b33), built on Oct 15 2014 12:27:16 by "buildd" with gcc 4.6.3

time: Sun Jan 18 15:54:28 2015
elapsed time: 0 seconds

