#
# A fatal error has been detected by the Java Runtime Environment:
#
#  SIGSEGV (0xb) at pc=0x00007fec8971030e, pid=17676, tid=140654232741632
#
# JRE version: 6.0_33-b33
# Java VM: OpenJDK 64-Bit Server VM (23.25-b01 mixed mode linux-amd64 compressed oops)
# Derivative: IcedTea6 1.13.5
# Distribution: Ubuntu 12.04 LTS, package 6b33-1.13.5-1ubuntu0.12.04
# Problematic frame:
# C  [libgdk-x11-2.0.so.0+0x7230e]  gdk_window_enable_synchronized_configure+0xe
#
# Failed to write core dump. Core dumps have been disabled. To enable core dumping, try "ulimit -c unlimited" before starting Java again
#
# If you would like to submit a bug report, please include
# instructions how to reproduce the bug and visit:
#   https://bugs.launchpad.net/ubuntu/+source/openjdk-6/
# The crash happened outside the Java Virtual Machine in native code.
# See problematic frame for where to report the bug.
#

---------------  T H R E A D  ---------------

Current thread (0x00007fec94009800):  JavaThread "main" [_thread_in_native, id=17677, stack(0x00007fec9d842000,0x00007fec9d943000)]

siginfo:si_signo=SIGSEGV: si_errno=0, si_code=1 (SEGV_MAPERR), si_addr=0x0000000000000018

Registers:
RAX=0x0000000000000000, RBX=0x00007fec9420e000, RCX=0x00007fec9d942700, RDX=0x0000000000000000
RSP=0x00007fec9d940e30, RBP=0x00007fec9420e0f0, RSI=0x0000000000000000, RDI=0x0000000000000000
R8 =0x00007fec94220320, R9 =0x0000000000000001, R10=0x00007fec9d940be0, R11=0x00007fec89710300
R12=0x00007fec9420e000, R13=0x0000000000000000, R14=0x0000000000000260, R15=0x0000000000000000
RIP=0x00007fec8971030e, EFLAGS=0x0000000000010206, CSGSFS=0x0000000000000033, ERR=0x0000000000000004
  TRAPNO=0x000000000000000e

Top of Stack: (sp=0x00007fec9d940e30)
0x00007fec9d940e30:   0000000000000001 00007fec9420e000
0x00007fec9d940e40:   00007fec9420e0f0 00007fec6540941c
0x00007fec9d940e50:   00007fec94254310 00007fec0000fc02
0x00007fec9d940e60:   000001c79420e000 0000000000000127
0x00007fec9d940e70:   0000000000000000 0000000000000000
0x00007fec9d940e80:   00007fec00000001 0000003000000020
0x00007fec9d940e90:   00007fec9420dfa0 00007fec9420df80
0x00007fec9d940ea0:   00000000941ecef0 00007fec909ac2d0
0x00007fec9d940eb0:   00007fec9420e000 0000000000000000
0x00007fec9d940ec0:   00007fec9d941178 00007fec909adeca
0x00007fec9d940ed0:   00007fec941ec970 00007fec909ac2d0
0x00007fec9d940ee0:   00007fec9420e000 0000000000000000
0x00007fec9d940ef0:   00007fec9d9411a8 00007fec909adeca
0x00007fec9d940f00:   0000000000000000 000000007d12684b
0x00007fec9d940f10:   0000000000000000 0000000000000000
0x00007fec9d940f20:   00007fec00000002 00000000906e0e23
0x00007fec9d940f30:   0000000040000002 0000000000000000
0x00007fec9d940f40:   0000000500000005 00007fec909b2d65
0x00007fec9d940f50:   00007fec941ecf60 00007fec906e0e23
0x00007fec9d940f60:   00007fec9d941178 00007fec9072c5e1
0x00007fec9d940f70:   00007fec941ecef0 00007fec941ec9c0
0x00007fec9d940f80:   00007fec9d941190 00007fec9d9411a8
0x00007fec9d940f90:   00007fec941ec970 00007fec9d9410b0
0x00007fec9d940fa0:   0000000000000000 00007fec909c6711
0x00007fec9d940fb0:   0000000000000000 0000000000000004
0x00007fec9d940fc0:   0000000000000004 000000009d941138
0x00007fec9d940fd0:   00007fec00000001 00007fec9420e000
0x00007fec9d940fe0:   0000000000000000 0000000000000004
0x00007fec9d940ff0:   00007fec94246a70 c463de2afbfac400
0x00007fec9d941000:   00007fec896a42d0 00007fec9d941254
0x00007fec9d941010:   00007fec9d941250 0000000000000000
0x00007fec9d941020:   00007fec9420e000 00000000000001c7 

Instructions: (pc=0x00007fec8971030e)
0x00007fec897102ee:   00 48 83 c4 38 e9 b8 8f ff ff 0f 1f 84 00 00 00
0x00007fec897102fe:   00 00 48 89 5c 24 f0 48 89 6c 24 f8 48 83 ec 18
0x00007fec8971030e:   48 8b 5f 18 48 89 fd e8 26 9c ff ff 48 85 db 74
0x00007fec8971031e:   22 48 8b 13 48 85 d2 74 05 48 39 02 74 0f 48 89 

Register to memory mapping:

RAX=0x0000000000000000 is an unknown value
RBX=0x00007fec9420e000 is an unknown value
RCX=0x00007fec9d942700 is pointing into the stack for thread: 0x00007fec94009800
RDX=0x0000000000000000 is an unknown value
RSP=0x00007fec9d940e30 is pointing into the stack for thread: 0x00007fec94009800
RBP=0x00007fec9420e0f0 is an unknown value
RSI=0x0000000000000000 is an unknown value
RDI=0x0000000000000000 is an unknown value
R8 =0x00007fec94220320 is an unknown value
R9 =0x0000000000000001 is an unknown value
R10=0x00007fec9d940be0 is pointing into the stack for thread: 0x00007fec94009800
R11=0x00007fec89710300: gdk_window_enable_synchronized_configure+0 in /usr/lib/x86_64-linux-gnu/libgdk-x11-2.0.so.0 at 0x00007fec8969e000
R12=0x00007fec9420e000 is an unknown value
R13=0x0000000000000000 is an unknown value
R14=0x0000000000000260 is an unknown value
R15=0x0000000000000000 is an unknown value


Stack: [0x00007fec9d842000,0x00007fec9d943000],  sp=0x00007fec9d940e30,  free space=1019k
Native frames: (J=compiled Java code, j=interpreted, Vv=VM code, C=native code)
C  [libgdk-x11-2.0.so.0+0x7230e]  gdk_window_enable_synchronized_configure+0xe

Java frames: (J=compiled Java code, j=interpreted, Vv=VM code)
j  org.eclipse.equinox.launcher.JNIBridge._show_splash(Ljava/lang/String;)V+0
j  org.eclipse.equinox.launcher.JNIBridge.showSplash(Ljava/lang/String;)Z+2
j  org.eclipse.equinox.launcher.Main.handleSplash([Ljava/net/URL;)V+157
j  org.eclipse.equinox.launcher.Main.basicRun([Ljava/lang/String;)V+116
j  org.eclipse.equinox.launcher.Main.run([Ljava/lang/String;)I+4
j  org.eclipse.equinox.launcher.Main.main([Ljava/lang/String;)V+10
v  ~StubRoutines::call_stub

---------------  P R O C E S S  ---------------

Java Threads: ( => current thread )
  0x00007fec940f7000 JavaThread "Low Memory Detector" daemon [_thread_blocked, id=17686, stack(0x00007fec90dfe000,0x00007fec90eff000)]
  0x00007fec940f4800 JavaThread "C2 CompilerThread1" daemon [_thread_blocked, id=17685, stack(0x00007fec90eff000,0x00007fec91000000)]
  0x00007fec940f2000 JavaThread "C2 CompilerThread0" daemon [_thread_blocked, id=17684, stack(0x00007fec98056000,0x00007fec98157000)]
  0x00007fec940ef800 JavaThread "Signal Dispatcher" daemon [_thread_blocked, id=17683, stack(0x00007fec98157000,0x00007fec98258000)]
  0x00007fec940a0800 JavaThread "Finalizer" daemon [_thread_blocked, id=17682, stack(0x00007fec987ff000,0x00007fec98900000)]
  0x00007fec9409e800 JavaThread "Reference Handler" daemon [_thread_blocked, id=17681, stack(0x00007fec98900000,0x00007fec98a01000)]
=>0x00007fec94009800 JavaThread "main" [_thread_in_native, id=17677, stack(0x00007fec9d842000,0x00007fec9d943000)]

Other Threads:
  0x00007fec9408f800 VMThread [stack: 0x00007fec98a01000,0x00007fec98b02000] [id=17680]
  0x00007fec94101800 WatcherThread [stack: 0x00007fec90cfd000,0x00007fec90dfe000] [id=17687]

VM state:not at safepoint (normal execution)

VM Mutex/Monitor currently owned by a thread: None

Heap
 PSYoungGen      total 18368K, used 2261K [0x00000000eb8b0000, 0x00000000ecd20000, 0x0000000100000000)
  eden space 15808K, 14% used [0x00000000eb8b0000,0x00000000ebae54b0,0x00000000ec820000)
  from space 2560K, 0% used [0x00000000ecaa0000,0x00000000ecaa0000,0x00000000ecd20000)
  to   space 2560K, 0% used [0x00000000ec820000,0x00000000ec820000,0x00000000ecaa0000)
 ParOldGen       total 41856K, used 0K [0x00000000c2a00000, 0x00000000c52e0000, 0x00000000eb8b0000)
  object space 41856K, 0% used [0x00000000c2a00000,0x00000000c2a00000,0x00000000c52e0000)
 PSPermGen       total 21248K, used 4521K [0x00000000b2a00000, 0x00000000b3ec0000, 0x00000000c2a00000)
  object space 21248K, 21% used [0x00000000b2a00000,0x00000000b2e6a4e8,0x00000000b3ec0000)

Card table byte_map: [0x00007fec9a3ae000,0x00007fec9a61a000] byte_map_base: 0x00007fec99e19000

Polling page: 0x00007fec9d97a000

Code Cache  [0x00007fec91000000, 0x00007fec91270000, 0x00007fec94000000)
 total_blobs=214 nmethods=16 adapters=152 free_code_cache=48731Kb largest_free_block=49877120

Compilation events (10 events):
Event: 0.299 Thread 0x00007fec940f2000   11             java.lang.Integer::reverseBytes (26 bytes)
Event: 0.300 Thread 0x00007fec940f2000 nmethod 11 0x00007fec91065010 code [0x00007fec91065140, 0x00007fec910651b8]
Event: 0.320 Thread 0x00007fec940f4800   13             sun.nio.cs.UTF_8$Decoder::decodeArrayLoop (553 bytes)
Event: 0.326 Thread 0x00007fec940f2000   14             java.lang.String::charAt (33 bytes)
Event: 0.327 Thread 0x00007fec940f2000 nmethod 14 0x00007fec91068090 code [0x00007fec910681e0, 0x00007fec91068298]
Event: 0.330 Thread 0x00007fec940f2000   15             java.lang.Object::<init> (1 bytes)
Event: 0.331 Thread 0x00007fec940f2000 nmethod 15 0x00007fec91067e50 code [0x00007fec91067f80, 0x00007fec91067ff8]
Event: 0.340 Thread 0x00007fec940f4800 nmethod 13 0x00007fec9106d710 code [0x00007fec9106d940, 0x00007fec9106e418]
Event: 0.361 Thread 0x00007fec940f2000   16             java.lang.String::startsWith (78 bytes)
Event: 0.364 Thread 0x00007fec940f2000 nmethod 16 0x00007fec9106ba90 code [0x00007fec9106bbe0, 0x00007fec9106bd98]

GC Heap History (0 events):
No events

Deoptimization events (3 events):
Event: 0.326 Thread 0x00007fec94009800 Uncommon trap -34 fr.pc 0x00007fec9105e8f0
Event: 0.326 Thread 0x00007fec94009800 Uncommon trap -34 fr.pc 0x00007fec9105e8f0
Event: 0.326 Thread 0x00007fec94009800 Uncommon trap -34 fr.pc 0x00007fec9105e8f0

Internal exceptions (10 events):
Event: 0.109 Thread 0x00007fec94009800 Threw 0x00000000eb904078 at /build/buildd/openjdk-6-6b33-1.13.5/build/openjdk/hotspot/src/share/vm/prims/jvm.cpp:1272
Event: 0.310 Thread 0x00007fec94009800 Threw 0x00000000eb9fd6a0 at /build/buildd/openjdk-6-6b33-1.13.5/build/openjdk/hotspot/src/share/vm/classfile/systemDictionary.cpp:1
Event: 0.310 Thread 0x00007fec94009800 Threw 0x00000000eb9fda28 at /build/buildd/openjdk-6-6b33-1.13.5/build/openjdk/hotspot/src/share/vm/prims/jvm.cpp:1272
Event: 0.313 Thread 0x00007fec94009800 Threw 0x00000000eba02498 at /build/buildd/openjdk-6-6b33-1.13.5/build/openjdk/hotspot/src/share/vm/classfile/systemDictionary.cpp:1
Event: 0.313 Thread 0x00007fec94009800 Threw 0x00000000eba02830 at /build/buildd/openjdk-6-6b33-1.13.5/build/openjdk/hotspot/src/share/vm/prims/jvm.cpp:1272
Event: 0.319 Thread 0x00007fec94009800 Threw 0x00000000eba07208 at /build/buildd/openjdk-6-6b33-1.13.5/build/openjdk/hotspot/src/share/vm/classfile/systemDictionary.cpp:1
Event: 0.319 Thread 0x00007fec94009800 Threw 0x00000000eba07590 at /build/buildd/openjdk-6-6b33-1.13.5/build/openjdk/hotspot/src/share/vm/prims/jvm.cpp:1272
Event: 0.332 Thread 0x00007fec94009800 Threw 0x00000000eba25950 at /build/buildd/openjdk-6-6b33-1.13.5/build/openjdk/hotspot/src/share/vm/classfile/systemDictionary.cpp:1
Event: 0.332 Thread 0x00007fec94009800 Threw 0x00000000eba25cb0 at /build/buildd/openjdk-6-6b33-1.13.5/build/openjdk/hotspot/src/share/vm/prims/jvm.cpp:1272
Event: 0.366 Thread 0x00007fec94009800 Threw 0x00000000eba95b80 at /build/buildd/openjdk-6-6b33-1.13.5/build/openjdk/hotspot/src/share/vm/prims/nativeLookup.cpp:376

Events (10 events):
Event: 0.336 loading class 0x00007fec940c7450
Event: 0.336 loading class 0x00007fec940c7450 done
Event: 0.336 loading class 0x00007fec941bcdd0
Event: 0.337 loading class 0x00007fec941bcdd0 done
Event: 0.337 loading class 0x00007fec94093950
Event: 0.337 loading class 0x00007fec94093950 done
Event: 0.337 loading class 0x00007fec940cf680
Event: 0.337 loading class 0x00007fec940cf680 done
Event: 0.337 loading class 0x00007fec94155fc0
Event: 0.337 loading class 0x00007fec94155fc0 done


Dynamic libraries:
00400000-00409000 r-xp 00000000 08:01 3014496                            /usr/lib/jvm/java-6-openjdk-amd64/jre/bin/java
00608000-00609000 r--p 00008000 08:01 3014496                            /usr/lib/jvm/java-6-openjdk-amd64/jre/bin/java
00609000-0060a000 rw-p 00009000 08:01 3014496                            /usr/lib/jvm/java-6-openjdk-amd64/jre/bin/java
0153a000-0155b000 rw-p 00000000 00:00 0                                  [heap]
b2a00000-b3ec0000 rw-p 00000000 00:00 0 
b3ec0000-c2a00000 rw-p 00000000 00:00 0 
c2a00000-c52e0000 rw-p 00000000 00:00 0 
c52e0000-eb8b0000 rw-p 00000000 00:00 0 
eb8b0000-ecd20000 rw-p 00000000 00:00 0 
ecd20000-100000000 rw-p 00000000 00:00 0 
7fec5c000000-7fec5c022000 rw-p 00000000 00:00 0 
7fec5c022000-7fec60000000 ---p 00000000 00:00 0 
7fec60000000-7fec60021000 rw-p 00000000 00:00 0 
7fec60021000-7fec64000000 ---p 00000000 00:00 0 
7fec64164000-7fec64167000 r-xp 00000000 08:01 2355221                    /usr/lib/x86_64-linux-gnu/gdk-pixbuf-2.0/2.10.0/loaders/libpixbufloader-bmp.so
7fec64167000-7fec64367000 ---p 00003000 08:01 2355221                    /usr/lib/x86_64-linux-gnu/gdk-pixbuf-2.0/2.10.0/loaders/libpixbufloader-bmp.so
7fec64367000-7fec64368000 r--p 00003000 08:01 2355221                    /usr/lib/x86_64-linux-gnu/gdk-pixbuf-2.0/2.10.0/loaders/libpixbufloader-bmp.so
7fec64368000-7fec64369000 rw-p 00004000 08:01 2355221                    /usr/lib/x86_64-linux-gnu/gdk-pixbuf-2.0/2.10.0/loaders/libpixbufloader-bmp.so
7fec64369000-7fec6436a000 ---p 00000000 00:00 0 
7fec6436a000-7fec64b6a000 rw-p 00000000 00:00 0 
7fec64b6a000-7fec64b71000 r-xp 00000000 08:01 2358150                    /usr/lib/x86_64-linux-gnu/gio/modules/libdconfsettings.so
7fec64b71000-7fec64d70000 ---p 00007000 08:01 2358150                    /usr/lib/x86_64-linux-gnu/gio/modules/libdconfsettings.so
7fec64d70000-7fec64d71000 r--p 00006000 08:01 2358150                    /usr/lib/x86_64-linux-gnu/gio/modules/libdconfsettings.so
7fec64d71000-7fec64d72000 rw-p 00007000 08:01 2358150                    /usr/lib/x86_64-linux-gnu/gio/modules/libdconfsettings.so
7fec64d72000-7fec64d82000 r-xp 00000000 08:01 1835205                    /usr/lib/liboverlay-scrollbar-0.2.so.0.0.16
7fec64d82000-7fec64f81000 ---p 00010000 08:01 1835205                    /usr/lib/liboverlay-scrollbar-0.2.so.0.0.16
7fec64f81000-7fec64f82000 r--p 0000f000 08:01 1835205                    /usr/lib/liboverlay-scrollbar-0.2.so.0.0.16
7fec64f82000-7fec64f83000 rw-p 00010000 08:01 1835205                    /usr/lib/liboverlay-scrollbar-0.2.so.0.0.16
7fec64f83000-7fec64fa2000 r-xp 00000000 08:01 2358175                    /usr/lib/x86_64-linux-gnu/libatk-1.0.so.0.20409.1
7fec64fa2000-7fec651a2000 ---p 0001f000 08:01 2358175                    /usr/lib/x86_64-linux-gnu/libatk-1.0.so.0.20409.1
7fec651a2000-7fec651a4000 r--p 0001f000 08:01 2358175                    /usr/lib/x86_64-linux-gnu/libatk-1.0.so.0.20409.1
7fec651a4000-7fec651a5000 rw-p 00021000 08:01 2358175                    /usr/lib/x86_64-linux-gnu/libatk-1.0.so.0.20409.1
7fec651a5000-7fec655d3000 r-xp 00000000 08:01 2360896                    /usr/lib/x86_64-linux-gnu/libgtk-x11-2.0.so.0.2400.10
7fec655d3000-7fec657d2000 ---p 0042e000 08:01 2360896                    /usr/lib/x86_64-linux-gnu/libgtk-x11-2.0.so.0.2400.10
7fec657d2000-7fec657d9000 r--p 0042d000 08:01 2360896                    /usr/lib/x86_64-linux-gnu/libgtk-x11-2.0.so.0.2400.10
7fec657d9000-7fec657dd000 rw-p 00434000 08:01 2360896                    /usr/lib/x86_64-linux-gnu/libgtk-x11-2.0.so.0.2400.10
7fec657dd000-7fec657df000 rw-p 00000000 00:00 0 
7fec657df000-7fec657e4000 r-xp 00000000 08:01 2358412                    /usr/lib/x86_64-linux-gnu/libXdmcp.so.6.0.0
7fec657e4000-7fec659e3000 ---p 00005000 08:01 2358412                    /usr/lib/x86_64-linux-gnu/libXdmcp.so.6.0.0
7fec659e3000-7fec659e4000 r--p 00004000 08:01 2358412                    /usr/lib/x86_64-linux-gnu/libXdmcp.so.6.0.0
7fec659e4000-7fec659e5000 rw-p 00005000 08:01 2358412                    /usr/lib/x86_64-linux-gnu/libXdmcp.so.6.0.0
7fec659e5000-7fec659e7000 r-xp 00000000 08:01 2358410                    /usr/lib/x86_64-linux-gnu/libXau.so.6.0.0
7fec659e7000-7fec65be6000 ---p 00002000 08:01 2358410                    /usr/lib/x86_64-linux-gnu/libXau.so.6.0.0
7fec65be6000-7fec65be7000 r--p 00001000 08:01 2358410                    /usr/lib/x86_64-linux-gnu/libXau.so.6.0.0
7fec65be7000-7fec65be8000 rw-p 00002000 08:01 2358410                    /usr/lib/x86_64-linux-gnu/libXau.so.6.0.0
7fec65be8000-7fec65c05000 r-xp 00000000 08:01 2356932                    /usr/lib/x86_64-linux-gnu/libxcb.so.1.1.0
7fec65c05000-7fec65e04000 ---p 0001d000 08:01 2356932                    /usr/lib/x86_64-linux-gnu/libxcb.so.1.1.0
7fec65e04000-7fec65e05000 r--p 0001c000 08:01 2356932                    /usr/lib/x86_64-linux-gnu/libxcb.so.1.1.0
7fec65e05000-7fec65e06000 rw-p 0001d000 08:01 2356932                    /usr/lib/x86_64-linux-gnu/libxcb.so.1.1.0
7fec65e06000-7fec65e0e000 r-xp 00000000 08:01 2358217                    /usr/lib/x86_64-linux-gnu/libxcb-render.so.0.0.0
7fec65e0e000-7fec6600e000 ---p 00008000 08:01 2358217                    /usr/lib/x86_64-linux-gnu/libxcb-render.so.0.0.0
7fec6600e000-7fec6600f000 r--p 00008000 08:01 2358217                    /usr/lib/x86_64-linux-gnu/libxcb-render.so.0.0.0
7fec6600f000-7fec66010000 rw-p 00009000 08:01 2358217                    /usr/lib/x86_64-linux-gnu/libxcb-render.so.0.0.0
7fec66010000-7fec66012000 r-xp 00000000 08:01 2358220                    /usr/lib/x86_64-linux-gnu/libxcb-shm.so.0.0.0
7fec66012000-7fec66211000 ---p 00002000 08:01 2358220                    /usr/lib/x86_64-linux-gnu/libxcb-shm.so.0.0.0
7fec66211000-7fec66212000 r--p 00001000 08:01 2358220                    /usr/lib/x86_64-linux-gnu/libxcb-shm.so.0.0.0
7fec66212000-7fec66213000 rw-p 00002000 08:01 2358220                    /usr/lib/x86_64-linux-gnu/libxcb-shm.so.0.0.0
7fec66213000-7fec66239000 r-xp 00000000 08:01 139848                     /lib/x86_64-linux-gnu/libpng12.so.0.46.0
7fec66239000-7fec66439000 ---p 00026000 08:01 139848                     /lib/x86_64-linux-gnu/libpng12.so.0.46.0
7fec66439000-7fec6643a000 r--p 00026000 08:01 139848                     /lib/x86_64-linux-gnu/libpng12.so.0.46.0
7fec6643a000-7fec6643b000 rw-p 00027000 08:01 139848                     /lib/x86_64-linux-gnu/libpng12.so.0.46.0
7fec6643b000-7fec664cb000 r-xp 00000000 08:01 2358308                    /usr/lib/x86_64-linux-gnu/libpixman-1.so.0.30.2
7fec664cb000-7fec666ca000 ---p 00090000 08:01 2358308                    /usr/lib/x86_64-linux-gnu/libpixman-1.so.0.30.2
7fec666ca000-7fec666d1000 r--p 0008f000 08:01 2358308                    /usr/lib/x86_64-linux-gnu/libpixman-1.so.0.30.2
7fec666d1000-7fec666d2000 rw-p 00096000 08:01 2358308                    /usr/lib/x86_64-linux-gnu/libpixman-1.so.0.30.2
7fec666d2000-7fec666f9000 r-xp 00000000 08:01 139905                     /lib/x86_64-linux-gnu/libexpat.so.1.5.2
7fec666f9000-7fec668f9000 ---p 00027000 08:01 139905                     /lib/x86_64-linux-gnu/libexpat.so.1.5.2
7fec668f9000-7fec668fb000 r--p 00027000 08:01 139905                     /lib/x86_64-linux-gnu/libexpat.so.1.5.2
7fec668fb000-7fec668fc000 rw-p 00029000 08:01 139905                     /lib/x86_64-linux-gnu/libexpat.so.1.5.2
7fec668fc000-7fec66914000 r-xp 00000000 08:01 133415                     /lib/x86_64-linux-gnu/libresolv-2.15.so
7fec66914000-7fec66b14000 ---p 00018000 08:01 133415                     /lib/x86_64-linux-gnu/libresolv-2.15.so
7fec66b14000-7fec66b15000 r--p 00018000 08:01 133415                     /lib/x86_64-linux-gnu/libresolv-2.15.so
7fec66b15000-7fec66b16000 rw-p 00019000 08:01 133415                     /lib/x86_64-linux-gnu/libresolv-2.15.so
7fec66b16000-7fec66b18000 rw-p 00000000 00:00 0 
7fec66b18000-7fec66b35000 r-xp 00000000 08:01 139881                     /lib/x86_64-linux-gnu/libselinux.so.1
7fec66b35000-7fec66d34000 ---p 0001d000 08:01 139881                     /lib/x86_64-linux-gnu/libselinux.so.1
7fec66d34000-7fec66d35000 r--p 0001c000 08:01 139881                     /lib/x86_64-linux-gnu/libselinux.so.1
7fec66d35000-7fec66d36000 rw-p 0001d000 08:01 139881                     /lib/x86_64-linux-gnu/libselinux.so.1
7fec66d36000-7fec66d37000 rw-p 00000000 00:00 0 
7fec66d37000-7fec66d3a000 r-xp 00000000 08:01 2358208                    /usr/lib/x86_64-linux-gnu/libgmodule-2.0.so.0.3200.4
7fec66d3a000-7fec66f39000 ---p 00003000 08:01 2358208                    /usr/lib/x86_64-linux-gnu/libgmodule-2.0.so.0.3200.4
7fec66f39000-7fec66f3a000 r--p 00002000 08:01 2358208                    /usr/lib/x86_64-linux-gnu/libgmodule-2.0.so.0.3200.4
7fec66f3a000-7fec66f3b000 rw-p 00003000 08:01 2358208                    /usr/lib/x86_64-linux-gnu/libgmodule-2.0.so.0.3200.4
7fec66f3b000-7fec66fd1000 r-xp 00000000 08:01 2358118                    /usr/lib/x86_64-linux-gnu/libfreetype.so.6.8.0
7fec66fd1000-7fec671d0000 ---p 00096000 08:01 2358118                    /usr/lib/x86_64-linux-gnu/libfreetype.so.6.8.0
7fec671d0000-7fec671d6000 r--p 00095000 08:01 2358118                    /usr/lib/x86_64-linux-gnu/libfreetype.so.6.8.0
7fec671d6000-7fec671d7000 rw-p 0009b000 08:01 2358118                    /usr/lib/x86_64-linux-gnu/libfreetype.so.6.8.0
7fec671d7000-7fec67200000 r-xp 00000000 08:01 2360447                    /usr/lib/x86_64-linux-gnu/libpangoft2-1.0.so.0.3000.0
7fec67200000-7fec673ff000 ---p 00029000 08:01 2360447                    /usr/lib/x86_64-linux-gnu/libpangoft2-1.0.so.0.3000.0
7fec673ff000-7fec67400000 r--p 00028000 08:01 2360447                    /usr/lib/x86_64-linux-gnu/libpangoft2-1.0.so.0.3000.0
7fec67400000-7fec67401000 rw-p 00029000 08:01 2360447                    /usr/lib/x86_64-linux-gnu/libpangoft2-1.0.so.0.3000.0
7fec67401000-7fec67531000 r-xp 00000000 08:01 2356934                    /usr/lib/x86_64-linux-gnu/libX11.so.6.3.0
7fec67531000-7fec67731000 ---p 00130000 08:01 2356934                    /usr/lib/x86_64-linux-gnu/libX11.so.6.3.0
7fec67731000-7fec67732000 r--p 00130000 08:01 2356934                    /usr/lib/x86_64-linux-gnu/libX11.so.6.3.0
7fec67732000-7fec67736000 rw-p 00131000 08:01 2356934                    /usr/lib/x86_64-linux-gnu/libX11.so.6.3.0
7fec67736000-7fec677ef000 r-xp 00000000 08:01 2359528                    /usr/lib/x86_64-linux-gnu/libcairo.so.2.11000.2
7fec677ef000-7fec679ee000 ---p 000b9000 08:01 2359528                    /usr/lib/x86_64-linux-gnu/libcairo.so.2.11000.2
7fec679ee000-7fec679f0000 r--p 000b8000 08:01 2359528                    /usr/lib/x86_64-linux-gnu/libcairo.so.2.11000.2
7fec679f0000-7fec679f1000 rw-p 000ba000 08:01 2359528                    /usr/lib/x86_64-linux-gnu/libcairo.so.2.11000.2
7fec679f1000-7fec679f4000 rw-p 00000000 00:00 0 
7fec679f4000-7fec679f9000 r-xp 00000000 08:01 2357077                    /usr/lib/x86_64-linux-gnu/libXfixes.so.3.1.0
7fec679f9000-7fec67bf8000 ---p 00005000 08:01 2357077                    /usr/lib/x86_64-linux-gnu/libXfixes.so.3.1.0
7fec67bf8000-7fec67bf9000 r--p 00004000 08:01 2357077                    /usr/lib/x86_64-linux-gnu/libXfixes.so.3.1.0
7fec67bf9000-7fec67bfa000 rw-p 00005000 08:01 2357077                    /usr/lib/x86_64-linux-gnu/libXfixes.so.3.1.0
7fec67bfa000-7fec67bfc000 r-xp 00000000 08:01 2358256                    /usr/lib/x86_64-linux-gnu/libXdamage.so.1.1.0
7fec67bfc000-7fec67dfb000 ---p 00002000 08:01 2358256                    /usr/lib/x86_64-linux-gnu/libXdamage.so.1.1.0
7fec67dfb000-7fec67dfc000 r--p 00001000 08:01 2358256                    /usr/lib/x86_64-linux-gnu/libXdamage.so.1.1.0
7fec67dfc000-7fec67dfd000 rw-p 00002000 08:01 2358256                    /usr/lib/x86_64-linux-gnu/libXdamage.so.1.1.0
7fec67dfd000-7fec67dff000 r-xp 00000000 08:01 2358254                    /usr/lib/x86_64-linux-gnu/libXcomposite.so.1.0.0
7fec67dff000-7fec67ffe000 ---p 00002000 08:01 2358254                    /usr/lib/x86_64-linux-gnu/libXcomposite.so.1.0.0
7fec67ffe000-7fec67fff000 r--p 00001000 08:01 2358254                    /usr/lib/x86_64-linux-gnu/libXcomposite.so.1.0.0
7fec67fff000-7fec68000000 rw-p 00002000 08:01 2358254                    /usr/lib/x86_64-linux-gnu/libXcomposite.so.1.0.0
7fec68000000-7fec681d9000 rw-p 00000000 00:00 0 
7fec681d9000-7fec6c000000 ---p 00000000 00:00 0 
7fec6c000000-7fec6c021000 rw-p 00000000 00:00 0 
7fec6c021000-7fec70000000 ---p 00000000 00:00 0 
7fec70000000-7fec70021000 rw-p 00000000 00:00 0 
7fec70021000-7fec74000000 ---p 00000000 00:00 0 
7fec74000000-7fec741e2000 rw-p 00000000 00:00 0 
7fec741e2000-7fec78000000 ---p 00000000 00:00 0 
7fec78000000-7fec78021000 rw-p 00000000 00:00 0 
7fec78021000-7fec7c000000 ---p 00000000 00:00 0 
7fec7c000000-7fec7c021000 rw-p 00000000 00:00 0 
7fec7c021000-7fec80000000 ---p 00000000 00:00 0 
7fec80000000-7fec80021000 rw-p 00000000 00:00 0 
7fec80021000-7fec84000000 ---p 00000000 00:00 0 
7fec84000000-7fec84021000 rw-p 00000000 00:00 0 
7fec84021000-7fec88000000 ---p 00000000 00:00 0 
7fec8800d000-7fec88070000 rw-p 00000000 00:00 0 
7fec88070000-7fec88079000 r-xp 00000000 08:01 2359836                    /usr/lib/x86_64-linux-gnu/libXcursor.so.1.0.2
7fec88079000-7fec88278000 ---p 00009000 08:01 2359836                    /usr/lib/x86_64-linux-gnu/libXcursor.so.1.0.2
7fec88278000-7fec88279000 r--p 00008000 08:01 2359836                    /usr/lib/x86_64-linux-gnu/libXcursor.so.1.0.2
7fec88279000-7fec8827a000 rw-p 00009000 08:01 2359836                    /usr/lib/x86_64-linux-gnu/libXcursor.so.1.0.2
7fec8827a000-7fec88281000 r-xp 00000000 08:01 2357210                    /usr/lib/x86_64-linux-gnu/libXrandr.so.2.2.0
7fec88281000-7fec88480000 ---p 00007000 08:01 2357210                    /usr/lib/x86_64-linux-gnu/libXrandr.so.2.2.0
7fec88480000-7fec88481000 r--p 00006000 08:01 2357210                    /usr/lib/x86_64-linux-gnu/libXrandr.so.2.2.0
7fec88481000-7fec88482000 rw-p 00007000 08:01 2357210                    /usr/lib/x86_64-linux-gnu/libXrandr.so.2.2.0
7fec88482000-7fec88491000 r-xp 00000000 08:01 2357882                    /usr/lib/x86_64-linux-gnu/libXi.so.6.1.0
7fec88491000-7fec88690000 ---p 0000f000 08:01 2357882                    /usr/lib/x86_64-linux-gnu/libXi.so.6.1.0
7fec88690000-7fec88691000 r--p 0000e000 08:01 2357882                    /usr/lib/x86_64-linux-gnu/libXi.so.6.1.0
7fec88691000-7fec88692000 rw-p 0000f000 08:01 2357882                    /usr/lib/x86_64-linux-gnu/libXi.so.6.1.0
7fec88692000-7fec88694000 r-xp 00000000 08:01 2359904                    /usr/lib/x86_64-linux-gnu/libXinerama.so.1.0.0
7fec88694000-7fec88893000 ---p 00002000 08:01 2359904                    /usr/lib/x86_64-linux-gnu/libXinerama.so.1.0.0
7fec88893000-7fec88894000 r--p 00001000 08:01 2359904                    /usr/lib/x86_64-linux-gnu/libXinerama.so.1.0.0
7fec88894000-7fec88895000 rw-p 00002000 08:01 2359904                    /usr/lib/x86_64-linux-gnu/libXinerama.so.1.0.0
7fec88895000-7fec8889e000 r-xp 00000000 08:01 2359520                    /usr/lib/x86_64-linux-gnu/libXrender.so.1.3.0
7fec8889e000-7fec88a9d000 ---p 00009000 08:01 2359520                    /usr/lib/x86_64-linux-gnu/libXrender.so.1.3.0
7fec88a9d000-7fec88a9e000 r--p 00008000 08:01 2359520                    /usr/lib/x86_64-linux-gnu/libXrender.so.1.3.0
7fec88a9e000-7fec88a9f000 rw-p 00009000 08:01 2359520                    /usr/lib/x86_64-linux-gnu/libXrender.so.1.3.0
7fec88a9f000-7fec88aaf000 r-xp 00000000 08:01 2357238                    /usr/lib/x86_64-linux-gnu/libXext.so.6.4.0
7fec88aaf000-7fec88cae000 ---p 00010000 08:01 2357238                    /usr/lib/x86_64-linux-gnu/libXext.so.6.4.0
7fec88cae000-7fec88caf000 r--p 0000f000 08:01 2357238                    /usr/lib/x86_64-linux-gnu/libXext.so.6.4.0
7fec88caf000-7fec88cb0000 rw-p 00010000 08:01 2357238                    /usr/lib/x86_64-linux-gnu/libXext.so.6.4.0
7fec88cb0000-7fec88ce4000 r-xp 00000000 08:01 2357866                    /usr/lib/x86_64-linux-gnu/libfontconfig.so.1.4.4
7fec88ce4000-7fec88ee4000 ---p 00034000 08:01 2357866                    /usr/lib/x86_64-linux-gnu/libfontconfig.so.1.4.4
7fec88ee4000-7fec88ee5000 r--p 00034000 08:01 2357866                    /usr/lib/x86_64-linux-gnu/libfontconfig.so.1.4.4
7fec88ee5000-7fec88ee6000 rw-p 00035000 08:01 2357866                    /usr/lib/x86_64-linux-gnu/libfontconfig.so.1.4.4
7fec88ee6000-7fec8902e000 r-xp 00000000 08:01 2360957                    /usr/lib/x86_64-linux-gnu/libgio-2.0.so.0.3200.4
7fec8902e000-7fec8922d000 ---p 00148000 08:01 2360957                    /usr/lib/x86_64-linux-gnu/libgio-2.0.so.0.3200.4
7fec8922d000-7fec89231000 r--p 00147000 08:01 2360957                    /usr/lib/x86_64-linux-gnu/libgio-2.0.so.0.3200.4
7fec89231000-7fec89233000 rw-p 0014b000 08:01 2360957                    /usr/lib/x86_64-linux-gnu/libgio-2.0.so.0.3200.4
7fec89233000-7fec89235000 rw-p 00000000 00:00 0 
7fec89235000-7fec89253000 r-xp 00000000 08:01 2355214                    /usr/lib/x86_64-linux-gnu/libgdk_pixbuf-2.0.so.0.2600.1
7fec89253000-7fec89453000 ---p 0001e000 08:01 2355214                    /usr/lib/x86_64-linux-gnu/libgdk_pixbuf-2.0.so.0.2600.1
7fec89453000-7fec89454000 r--p 0001e000 08:01 2355214                    /usr/lib/x86_64-linux-gnu/libgdk_pixbuf-2.0.so.0.2600.1
7fec89454000-7fec89455000 rw-p 0001f000 08:01 2355214                    /usr/lib/x86_64-linux-gnu/libgdk_pixbuf-2.0.so.0.2600.1
7fec89455000-7fec8949b000 r-xp 00000000 08:01 2360448                    /usr/lib/x86_64-linux-gnu/libpango-1.0.so.0.3000.0
7fec8949b000-7fec8969b000 ---p 00046000 08:01 2360448                    /usr/lib/x86_64-linux-gnu/libpango-1.0.so.0.3000.0
7fec8969b000-7fec8969d000 r--p 00046000 08:01 2360448                    /usr/lib/x86_64-linux-gnu/libpango-1.0.so.0.3000.0
7fec8969d000-7fec8969e000 rw-p 00048000 08:01 2360448                    /usr/lib/x86_64-linux-gnu/libpango-1.0.so.0.3000.0
7fec8969e000-7fec8974b000 r-xp 00000000 08:01 2360850                    /usr/lib/x86_64-linux-gnu/libgdk-x11-2.0.so.0.2400.10
7fec8974b000-7fec8994a000 ---p 000ad000 08:01 2360850                    /usr/lib/x86_64-linux-gnu/libgdk-x11-2.0.so.0.2400.10
7fec8994a000-7fec8994e000 r--p 000ac000 08:01 2360850                    /usr/lib/x86_64-linux-gnu/libgdk-x11-2.0.so.0.2400.10
7fec8994e000-7fec89950000 rw-p 000b0000 08:01 2360850                    /usr/lib/x86_64-linux-gnu/libgdk-x11-2.0.so.0.2400.10
7fec89950000-7fec8c000000 rw-p 00000000 00:00 0 
7fec8c000000-7fec8c021000 rw-p 00000000 00:00 0 
7fec8c021000-7fec90000000 ---p 00000000 00:00 0 
7fec90039000-7fec90058000 r--s 00000000 08:01 1051068                    /usr/share/mime/mime.cache
7fec90058000-7fec90063000 r-xp 00000000 08:01 2360467                    /usr/lib/x86_64-linux-gnu/libpangocairo-1.0.so.0.3000.0
7fec90063000-7fec90262000 ---p 0000b000 08:01 2360467                    /usr/lib/x86_64-linux-gnu/libpangocairo-1.0.so.0.3000.0
7fec90262000-7fec90263000 r--p 0000a000 08:01 2360467                    /usr/lib/x86_64-linux-gnu/libpangocairo-1.0.so.0.3000.0
7fec90263000-7fec90264000 rw-p 0000b000 08:01 2360467                    /usr/lib/x86_64-linux-gnu/libpangocairo-1.0.so.0.3000.0
7fec90264000-7fec902a0000 r-xp 00000000 08:01 139886                     /lib/x86_64-linux-gnu/libpcre.so.3.12.1
7fec902a0000-7fec9049f000 ---p 0003c000 08:01 139886                     /lib/x86_64-linux-gnu/libpcre.so.3.12.1
7fec9049f000-7fec904a0000 r--p 0003b000 08:01 139886                     /lib/x86_64-linux-gnu/libpcre.so.3.12.1
7fec904a0000-7fec904a1000 rw-p 0003c000 08:01 139886                     /lib/x86_64-linux-gnu/libpcre.so.3.12.1
7fec904a1000-7fec904a8000 r-xp 00000000 08:01 2357988                    /usr/lib/x86_64-linux-gnu/libffi.so.6.0.0
7fec904a8000-7fec906a7000 ---p 00007000 08:01 2357988                    /usr/lib/x86_64-linux-gnu/libffi.so.6.0.0
7fec906a7000-7fec906a8000 r--p 00006000 08:01 2357988                    /usr/lib/x86_64-linux-gnu/libffi.so.6.0.0
7fec906a8000-7fec906a9000 rw-p 00007000 08:01 2357988                    /usr/lib/x86_64-linux-gnu/libffi.so.6.0.0
7fec906a9000-7fec9079b000 r-xp 00000000 08:01 141246                     /lib/x86_64-linux-gnu/libglib-2.0.so.0.3200.4
7fec9079b000-7fec9099b000 ---p 000f2000 08:01 141246                     /lib/x86_64-linux-gnu/libglib-2.0.so.0.3200.4
7fec9099b000-7fec9099c000 r--p 000f2000 08:01 141246                     /lib/x86_64-linux-gnu/libglib-2.0.so.0.3200.4
7fec9099c000-7fec9099d000 rw-p 000f3000 08:01 141246                     /lib/x86_64-linux-gnu/libglib-2.0.so.0.3200.4
7fec9099d000-7fec9099e000 rw-p 00000000 00:00 0 
7fec9099e000-7fec909eb000 r-xp 00000000 08:01 2360959                    /usr/lib/x86_64-linux-gnu/libgobject-2.0.so.0.3200.4
7fec909eb000-7fec90beb000 ---p 0004d000 08:01 2360959                    /usr/lib/x86_64-linux-gnu/libgobject-2.0.so.0.3200.4
7fec90beb000-7fec90bec000 r--p 0004d000 08:01 2360959                    /usr/lib/x86_64-linux-gnu/libgobject-2.0.so.0.3200.4
7fec90bec000-7fec90bed000 rw-p 0004e000 08:01 2360959                    /usr/lib/x86_64-linux-gnu/libgobject-2.0.so.0.3200.4
7fec90bed000-7fec90bfc000 r-xp 00000000 08:01 689728                     /usr/local/stow/eclipse-java-indigo-SR2-linux-gtk/eclipse/plugins/org.eclipse.equinox.launcher.gtk.linux.x86_64_1.1.100.v20110505/eclipse_1407.so
7fec90bfc000-7fec90cfb000 ---p 0000f000 08:01 689728                     /usr/local/stow/eclipse-java-indigo-SR2-linux-gtk/eclipse/plugins/org.eclipse.equinox.launcher.gtk.linux.x86_64_1.1.100.v20110505/eclipse_1407.so
7fec90cfb000-7fec90cfd000 rw-p 0000e000 08:01 689728                     /usr/local/stow/eclipse-java-indigo-SR2-linux-gtk/eclipse/plugins/org.eclipse.equinox.launcher.gtk.linux.x86_64_1.1.100.v20110505/eclipse_1407.so
7fec90cfd000-7fec90cfe000 ---p 00000000 00:00 0 
7fec90cfe000-7fec90dfe000 rw-p 00000000 00:00 0 
7fec90dfe000-7fec90e01000 ---p 00000000 00:00 0 
7fec90e01000-7fec90eff000 rw-p 00000000 00:00 0 
7fec90eff000-7fec90f02000 ---p 00000000 00:00 0 
7fec90f02000-7fec91000000 rw-p 00000000 00:00 0 
7fec91000000-7fec91270000 rwxp 00000000 00:00 0 
7fec91270000-7fec94257000 rw-p 00000000 00:00 0 
7fec94257000-7fec98000000 ---p 00000000 00:00 0 
7fec98016000-7fec98017000 r--s 00000000 08:01 1869604                    /usr/local/stow/local-scripts/share/mime/mime.cache
7fec98018000-7fec9801a000 r--p 00000000 00:22 3776                       /cshome/tshen/.config/dconf/user
7fec9801a000-7fec98044000 r--p 00000000 08:01 657432                     /usr/share/glib-2.0/schemas/gschemas.compiled
7fec98044000-7fec98047000 r--s 00013000 08:01 3032055                    /usr/lib/jvm/java-6-openjdk-common/jre/lib/jce.jar
7fec98047000-7fec9804b000 r--s 0003c000 08:01 3032051                    /usr/lib/jvm/java-6-openjdk-common/jre/lib/jsse.jar
7fec9804b000-7fec9804e000 r--s 0003a000 08:01 3032070                    /usr/lib/jvm/java-6-openjdk-common/jre/lib/ext/sunpkcs11.jar
7fec9804e000-7fec98051000 r--s 00077000 08:01 3032072                    /usr/lib/jvm/java-6-openjdk-common/jre/lib/ext/localedata.jar
7fec98051000-7fec98052000 r--s 00007000 08:01 789294                     /usr/share/java/java-atk-wrapper.jar
7fec98052000-7fec98054000 r--s 0000f000 08:01 3032069                    /usr/lib/jvm/java-6-openjdk-common/jre/lib/ext/pulse-java.jar
7fec98054000-7fec98056000 r--s 00001000 08:01 3032071                    /usr/lib/jvm/java-6-openjdk-common/jre/lib/ext/dnsns.jar
7fec98056000-7fec98059000 ---p 00000000 00:00 0 
7fec98059000-7fec98157000 rw-p 00000000 00:00 0 
7fec98157000-7fec9815a000 ---p 00000000 00:00 0 
7fec9815a000-7fec98258000 rw-p 00000000 00:00 0 
7fec98258000-7fec987ff000 r--p 00000000 08:01 151120                     /usr/lib/locale/locale-archive
7fec987ff000-7fec98802000 ---p 00000000 00:00 0 
7fec98802000-7fec98900000 rw-p 00000000 00:00 0 
7fec98900000-7fec98903000 ---p 00000000 00:00 0 
7fec98903000-7fec98a01000 rw-p 00000000 00:00 0 
7fec98a01000-7fec98a02000 ---p 00000000 00:00 0 
7fec98a02000-7fec994a1000 rw-p 00000000 00:00 0 
7fec994a1000-7fec99638000 r--s 01a18000 08:01 3034376                    /usr/lib/jvm/java-6-openjdk-amd64/jre/lib/rt.jar
7fec99638000-7fec99fe4000 rw-p 00000000 00:00 0 
7fec99fe4000-7fec99fe5000 ---p 00000000 00:00 0 
7fec99fe5000-7fec9a0e5000 rw-p 00000000 00:00 0 
7fec9a0e5000-7fec9a0e6000 ---p 00000000 00:00 0 
7fec9a0e6000-7fec9a1f1000 rw-p 00000000 00:00 0 
7fec9a1f1000-7fec9a266000 rw-p 00000000 00:00 0 
7fec9a266000-7fec9a27b000 rw-p 00000000 00:00 0 
7fec9a27b000-7fec9a3ae000 rw-p 00000000 00:00 0 
7fec9a3ae000-7fec9a3b9000 rw-p 00000000 00:00 0 
7fec9a3b9000-7fec9a42e000 rw-p 00000000 00:00 0 
7fec9a42e000-7fec9a443000 rw-p 00000000 00:00 0 
7fec9a443000-7fec9a575000 rw-p 00000000 00:00 0 
7fec9a575000-7fec9a580000 rw-p 00000000 00:00 0 
7fec9a580000-7fec9a619000 rw-p 00000000 00:00 0 
7fec9a619000-7fec9a61a000 rw-p 00000000 00:00 0 
7fec9a61a000-7fec9a621000 r-xp 00000000 08:01 3032858                    /usr/lib/jvm/java-6-openjdk-amd64/jre/lib/amd64/libzip.so
7fec9a621000-7fec9a820000 ---p 00007000 08:01 3032858                    /usr/lib/jvm/java-6-openjdk-amd64/jre/lib/amd64/libzip.so
7fec9a820000-7fec9a821000 r--p 00006000 08:01 3032858                    /usr/lib/jvm/java-6-openjdk-amd64/jre/lib/amd64/libzip.so
7fec9a821000-7fec9a822000 rw-p 00007000 08:01 3032858                    /usr/lib/jvm/java-6-openjdk-amd64/jre/lib/amd64/libzip.so
7fec9a822000-7fec9a82c000 r-xp 00000000 08:01 134071                     /lib/x86_64-linux-gnu/libnss_nis-2.15.so
7fec9a82c000-7fec9aa2c000 ---p 0000a000 08:01 134071                     /lib/x86_64-linux-gnu/libnss_nis-2.15.so
7fec9aa2c000-7fec9aa2d000 r--p 0000a000 08:01 134071                     /lib/x86_64-linux-gnu/libnss_nis-2.15.so
7fec9aa2d000-7fec9aa2e000 rw-p 0000b000 08:01 134071                     /lib/x86_64-linux-gnu/libnss_nis-2.15.so
7fec9aa2e000-7fec9aa45000 r-xp 00000000 08:01 133274                     /lib/x86_64-linux-gnu/libnsl-2.15.so
7fec9aa45000-7fec9ac44000 ---p 00017000 08:01 133274                     /lib/x86_64-linux-gnu/libnsl-2.15.so
7fec9ac44000-7fec9ac45000 r--p 00016000 08:01 133274                     /lib/x86_64-linux-gnu/libnsl-2.15.so
7fec9ac45000-7fec9ac46000 rw-p 00017000 08:01 133274                     /lib/x86_64-linux-gnu/libnsl-2.15.so
7fec9ac46000-7fec9ac48000 rw-p 00000000 00:00 0 
7fec9ac48000-7fec9ac55000 r-xp 00000000 08:01 134063                     /lib/x86_64-linux-gnu/libnss_nisplus-2.15.so
7fec9ac55000-7fec9ae54000 ---p 0000d000 08:01 134063                     /lib/x86_64-linux-gnu/libnss_nisplus-2.15.so
7fec9ae54000-7fec9ae55000 r--p 0000c000 08:01 134063                     /lib/x86_64-linux-gnu/libnss_nisplus-2.15.so
7fec9ae55000-7fec9ae56000 rw-p 0000d000 08:01 134063                     /lib/x86_64-linux-gnu/libnss_nisplus-2.15.so
7fec9ae56000-7fec9ae62000 r-xp 00000000 08:01 133276                     /lib/x86_64-linux-gnu/libnss_files-2.15.so
7fec9ae62000-7fec9b061000 ---p 0000c000 08:01 133276                     /lib/x86_64-linux-gnu/libnss_files-2.15.so
7fec9b061000-7fec9b062000 r--p 0000b000 08:01 133276                     /lib/x86_64-linux-gnu/libnss_files-2.15.so
7fec9b062000-7fec9b063000 rw-p 0000c000 08:01 133276                     /lib/x86_64-linux-gnu/libnss_files-2.15.so
7fec9b063000-7fec9b090000 r-xp 00000000 08:01 3032894                    /usr/lib/jvm/java-6-openjdk-amd64/jre/lib/amd64/libjava.so
7fec9b090000-7fec9b28f000 ---p 0002d000 08:01 3032894                    /usr/lib/jvm/java-6-openjdk-amd64/jre/lib/amd64/libjava.so
7fec9b28f000-7fec9b290000 r--p 0002c000 08:01 3032894                    /usr/lib/jvm/java-6-openjdk-amd64/jre/lib/amd64/libjava.so
7fec9b290000-7fec9b293000 rw-p 0002d000 08:01 3032894                    /usr/lib/jvm/java-6-openjdk-amd64/jre/lib/amd64/libjava.so
7fec9b293000-7fec9b2a1000 r-xp 00000000 08:01 3032892                    /usr/lib/jvm/java-6-openjdk-amd64/jre/lib/amd64/libverify.so
7fec9b2a1000-7fec9b4a0000 ---p 0000e000 08:01 3032892                    /usr/lib/jvm/java-6-openjdk-amd64/jre/lib/amd64/libverify.so
7fec9b4a0000-7fec9b4a2000 r--p 0000d000 08:01 3032892                    /usr/lib/jvm/java-6-openjdk-amd64/jre/lib/amd64/libverify.so
7fec9b4a2000-7fec9b4a3000 rw-p 0000f000 08:01 3032892                    /usr/lib/jvm/java-6-openjdk-amd64/jre/lib/amd64/libverify.so
7fec9b4a3000-7fec9b4aa000 r-xp 00000000 08:01 131046                     /lib/x86_64-linux-gnu/librt-2.15.so
7fec9b4aa000-7fec9b6a9000 ---p 00007000 08:01 131046                     /lib/x86_64-linux-gnu/librt-2.15.so
7fec9b6a9000-7fec9b6aa000 r--p 00006000 08:01 131046                     /lib/x86_64-linux-gnu/librt-2.15.so
7fec9b6aa000-7fec9b6ab000 rw-p 00007000 08:01 131046                     /lib/x86_64-linux-gnu/librt-2.15.so
7fec9b6ab000-7fec9b6c0000 r-xp 00000000 08:01 140080                     /lib/x86_64-linux-gnu/libgcc_s.so.1
7fec9b6c0000-7fec9b8bf000 ---p 00015000 08:01 140080                     /lib/x86_64-linux-gnu/libgcc_s.so.1
7fec9b8bf000-7fec9b8c0000 r--p 00014000 08:01 140080                     /lib/x86_64-linux-gnu/libgcc_s.so.1
7fec9b8c0000-7fec9b8c1000 rw-p 00015000 08:01 140080                     /lib/x86_64-linux-gnu/libgcc_s.so.1
7fec9b8c1000-7fec9b9bc000 r-xp 00000000 08:01 134065                     /lib/x86_64-linux-gnu/libm-2.15.so
7fec9b9bc000-7fec9bbbb000 ---p 000fb000 08:01 134065                     /lib/x86_64-linux-gnu/libm-2.15.so
7fec9bbbb000-7fec9bbbc000 r--p 000fa000 08:01 134065                     /lib/x86_64-linux-gnu/libm-2.15.so
7fec9bbbc000-7fec9bbbd000 rw-p 000fb000 08:01 134065                     /lib/x86_64-linux-gnu/libm-2.15.so
7fec9bbbd000-7fec9bc9f000 r-xp 00000000 08:01 2357949                    /usr/lib/x86_64-linux-gnu/libstdc++.so.6.0.16
7fec9bc9f000-7fec9be9e000 ---p 000e2000 08:01 2357949                    /usr/lib/x86_64-linux-gnu/libstdc++.so.6.0.16
7fec9be9e000-7fec9bea6000 r--p 000e1000 08:01 2357949                    /usr/lib/x86_64-linux-gnu/libstdc++.so.6.0.16
7fec9bea6000-7fec9bea8000 rw-p 000e9000 08:01 2357949                    /usr/lib/x86_64-linux-gnu/libstdc++.so.6.0.16
7fec9bea8000-7fec9bebd000 rw-p 00000000 00:00 0 
7fec9bebd000-7fec9c894000 r-xp 00000000 08:01 3034372                    /usr/lib/jvm/java-6-openjdk-amd64/jre/lib/amd64/server/libjvm.so
7fec9c894000-7fec9ca93000 ---p 009d7000 08:01 3034372                    /usr/lib/jvm/java-6-openjdk-amd64/jre/lib/amd64/server/libjvm.so
7fec9ca93000-7fec9cb12000 r--p 009d6000 08:01 3034372                    /usr/lib/jvm/java-6-openjdk-amd64/jre/lib/amd64/server/libjvm.so
7fec9cb12000-7fec9cb35000 rw-p 00a55000 08:01 3034372                    /usr/lib/jvm/java-6-openjdk-amd64/jre/lib/amd64/server/libjvm.so
7fec9cb35000-7fec9cb5f000 rw-p 00000000 00:00 0 
7fec9cb5f000-7fec9cb75000 r-xp 00000000 08:01 139977                     /lib/x86_64-linux-gnu/libz.so.1.2.3.4
7fec9cb75000-7fec9cd74000 ---p 00016000 08:01 139977                     /lib/x86_64-linux-gnu/libz.so.1.2.3.4
7fec9cd74000-7fec9cd75000 r--p 00015000 08:01 139977                     /lib/x86_64-linux-gnu/libz.so.1.2.3.4
7fec9cd75000-7fec9cd76000 rw-p 00016000 08:01 139977                     /lib/x86_64-linux-gnu/libz.so.1.2.3.4
7fec9cd76000-7fec9cf2b000 r-xp 00000000 08:01 133278                     /lib/x86_64-linux-gnu/libc-2.15.so
7fec9cf2b000-7fec9d12a000 ---p 001b5000 08:01 133278                     /lib/x86_64-linux-gnu/libc-2.15.so
7fec9d12a000-7fec9d12e000 r--p 001b4000 08:01 133278                     /lib/x86_64-linux-gnu/libc-2.15.so
7fec9d12e000-7fec9d130000 rw-p 001b8000 08:01 133278                     /lib/x86_64-linux-gnu/libc-2.15.so
7fec9d130000-7fec9d135000 rw-p 00000000 00:00 0 
7fec9d135000-7fec9d137000 r-xp 00000000 08:01 134087                     /lib/x86_64-linux-gnu/libdl-2.15.so
7fec9d137000-7fec9d337000 ---p 00002000 08:01 134087                     /lib/x86_64-linux-gnu/libdl-2.15.so
7fec9d337000-7fec9d338000 r--p 00002000 08:01 134087                     /lib/x86_64-linux-gnu/libdl-2.15.so
7fec9d338000-7fec9d339000 rw-p 00003000 08:01 134087                     /lib/x86_64-linux-gnu/libdl-2.15.so
7fec9d339000-7fec9d33d000 r-xp 00000000 08:01 3032846                    /usr/lib/jvm/java-6-openjdk-amd64/jre/lib/amd64/jli/libjli.so
7fec9d33d000-7fec9d53c000 ---p 00004000 08:01 3032846                    /usr/lib/jvm/java-6-openjdk-amd64/jre/lib/amd64/jli/libjli.so
7fec9d53c000-7fec9d53d000 r--p 00003000 08:01 3032846                    /usr/lib/jvm/java-6-openjdk-amd64/jre/lib/amd64/jli/libjli.so
7fec9d53d000-7fec9d53e000 rw-p 00004000 08:01 3032846                    /usr/lib/jvm/java-6-openjdk-amd64/jre/lib/amd64/jli/libjli.so
7fec9d53e000-7fec9d556000 r-xp 00000000 08:01 130950                     /lib/x86_64-linux-gnu/libpthread-2.15.so
7fec9d556000-7fec9d755000 ---p 00018000 08:01 130950                     /lib/x86_64-linux-gnu/libpthread-2.15.so
7fec9d755000-7fec9d756000 r--p 00017000 08:01 130950                     /lib/x86_64-linux-gnu/libpthread-2.15.so
7fec9d756000-7fec9d757000 rw-p 00018000 08:01 130950                     /lib/x86_64-linux-gnu/libpthread-2.15.so
7fec9d757000-7fec9d75b000 rw-p 00000000 00:00 0 
7fec9d75b000-7fec9d77d000 r-xp 00000000 08:01 130892                     /lib/x86_64-linux-gnu/ld-2.15.so
7fec9d77d000-7fec9d77e000 r--s 00000000 00:22 3782                       /cshome/tshen/.cache/dconf/user
7fec9d77e000-7fec9d782000 r--s 00032000 08:01 3032068                    /usr/lib/jvm/java-6-openjdk-common/jre/lib/ext/sunjce_provider.jar
7fec9d782000-7fec9d78c000 rw-p 00000000 00:00 0 
7fec9d78c000-7fec9d842000 rw-p 00000000 00:00 0 
7fec9d842000-7fec9d845000 ---p 00000000 00:00 0 
7fec9d845000-7fec9d948000 rw-p 00000000 00:00 0 
7fec9d948000-7fec9d949000 r--s 0000b000 08:01 2115685                    /usr/local/stow/eclipse-java-indigo-SR2-linux-gtk/eclipse/plugins/org.eclipse.equinox.launcher_1.2.0.v20110502.jar
7fec9d949000-7fec9d971000 rw-p 00000000 00:00 0 
7fec9d971000-7fec9d979000 rw-s 00000000 08:06 16                         /tmp/hsperfdata_tshen/17676
7fec9d979000-7fec9d97a000 rw-p 00000000 00:00 0 
7fec9d97a000-7fec9d97b000 r--p 00000000 00:00 0 
7fec9d97b000-7fec9d97d000 rw-p 00000000 00:00 0 
7fec9d97d000-7fec9d97e000 r--p 00022000 08:01 130892                     /lib/x86_64-linux-gnu/ld-2.15.so
7fec9d97e000-7fec9d980000 rw-p 00023000 08:01 130892                     /lib/x86_64-linux-gnu/ld-2.15.so
7fff3568c000-7fff356c2000 rw-p 00000000 00:00 0                          [stack]
7fff357ff000-7fff35800000 r-xp 00000000 00:00 0                          [vdso]
ffffffffff600000-ffffffffff601000 r-xp 00000000 00:00 0                  [vsyscall]

VM Arguments:
jvm_args: -Dosgi.locking=none -XX:MaxPermSize=256m 
java_command: /usr/local/stow/eclipse-java-indigo-SR2-linux-gtk/eclipse//plugins/org.eclipse.equinox.launcher_1.2.0.v20110502.jar -os linux -ws gtk -arch x86_64 -showsplash -launcher /usr/local/stow/eclipse-java-indigo-SR2-linux-gtk/eclipse/eclipse -name Eclipse --launcher.library /usr/local/stow/eclipse-java-indigo-SR2-linux-gtk/eclipse//plugins/org.eclipse.equinox.launcher.gtk.linux.x86_64_1.1.100.v20110505/eclipse_1407.so -startup /usr/local/stow/eclipse-java-indigo-SR2-linux-gtk/eclipse//plugins/org.eclipse.equinox.launcher_1.2.0.v20110502.jar --launcher.overrideVmargs -exitdata 168002 -product org.eclipse.epp.package.java.product android -vm /usr/bin/java -vmargs -Dosgi.locking=none -XX:MaxPermSize=256m -jar /usr/local/stow/eclipse-java-indigo-SR2-linux-gtk/eclipse//plugins/org.eclipse.equinox.launcher_1.2.0.v20110502.jar
Launcher Type: SUN_STANDARD

Environment Variables:
CLASSPATH=/oracle/jdbc/lib/ojdbc5.jar:/usr/share/java/db.jar:.
PATH=.:/usr/local/matlab/bin:/usr/local/sbin:/usr/local/bin:/usr/sbin:/usr/bin:/sbin:/bin:/usr/games:/oracle/bin:/oracle/sqldeveloper
LD_LIBRARY_PATH=/usr/lib/jvm/java-6-openjdk-amd64/jre/lib/amd64/server:/usr/lib/jvm/java-6-openjdk-amd64/jre/lib/amd64:/usr/lib/jvm/java-6-openjdk-amd64/jre/../lib/amd64:/oracle/lib
SHELL=/bin/bash
DISPLAY=localhost:10.0
ARCH=x86_64

Signal Handlers:
SIGSEGV: [libjvm.so+0x83dcf0], sa_mask[0]=0x7ffbfeff, sa_flags=0x10000004
SIGBUS: [libjvm.so+0x83dcf0], sa_mask[0]=0x7ffbfeff, sa_flags=0x10000004
SIGFPE: [libjvm.so+0x6de8f0], sa_mask[0]=0x7ffbfeff, sa_flags=0x10000004
SIGPIPE: SIG_IGN, sa_mask[0]=0x00001000, sa_flags=0x10000000
SIGXFSZ: [libjvm.so+0x6de8f0], sa_mask[0]=0x7ffbfeff, sa_flags=0x10000004
SIGILL: [libjvm.so+0x6de8f0], sa_mask[0]=0x7ffbfeff, sa_flags=0x10000004
SIGUSR1: SIG_DFL, sa_mask[0]=0x00000000, sa_flags=0x00000000
SIGUSR2: [libjvm.so+0x6ded30], sa_mask[0]=0x00000000, sa_flags=0x10000004
SIGHUP: [libjvm.so+0x6dee70], sa_mask[0]=0x7ffbfeff, sa_flags=0x10000004
SIGINT: [libjvm.so+0x6dee70], sa_mask[0]=0x7ffbfeff, sa_flags=0x10000004
SIGTERM: [libjvm.so+0x6dee70], sa_mask[0]=0x7ffbfeff, sa_flags=0x10000004
SIGQUIT: [libjvm.so+0x6dee70], sa_mask[0]=0x7ffbfeff, sa_flags=0x10000004


---------------  S Y S T E M  ---------------

OS:Ubuntu 12.04 (precise)
uname:Linux 3.2.0-74-generic #109-Ubuntu SMP Tue Dec 9 16:45:49 UTC 2014 x86_64
libc:glibc 2.15 NPTL 2.15 
rlimit: STACK 8192k, CORE 0k, NPROC 31223, NOFILE 4096, AS infinity
load average:1.70 0.43 0.18

/proc/meminfo:
MemTotal:        4016920 kB
MemFree:          877204 kB
Buffers:          731012 kB
Cached:           963100 kB
SwapCached:          400 kB
Active:           765216 kB
Inactive:        1023564 kB
Active(anon):      40504 kB
Inactive(anon):    54872 kB
Active(file):     724712 kB
Inactive(file):   968692 kB
Unevictable:           0 kB
Mlocked:               0 kB
SwapTotal:       8393956 kB
SwapFree:        8392004 kB
Dirty:              4848 kB
Writeback:             0 kB
AnonPages:         94368 kB
Mapped:            24368 kB
Shmem:               712 kB
Slab:            1260984 kB
SReclaimable:    1238604 kB
SUnreclaim:        22380 kB
KernelStack:        2320 kB
PageTables:         8204 kB
NFS_Unstable:          0 kB
Bounce:                0 kB
WritebackTmp:          0 kB
CommitLimit:    10402416 kB
Committed_AS:     551560 kB
VmallocTotal:   34359738367 kB
VmallocUsed:       34316 kB
VmallocChunk:   34357649416 kB
HardwareCorrupted:     0 kB
AnonHugePages:         0 kB
HugePages_Total:       0
HugePages_Free:        0
HugePages_Rsvd:        0
HugePages_Surp:        0
Hugepagesize:       2048 kB
DirectMap4k:      171456 kB
DirectMap2M:     3923968 kB


CPU:total 2 (1 cores per cpu, 1 threads per core) family 15 model 5 stepping 10, cmov, cx8, fxsr, mmx, sse, sse2, mmxext, 3dnowpref, tsc

/proc/cpuinfo:
processor	: 0
vendor_id	: AuthenticAMD
cpu family	: 15
model		: 5
model name	: AMD Opteron(tm) Processor 250
stepping	: 10
microcode	: 0x3a
cpu MHz		: 2393.025
cache size	: 1024 KB
fpu		: yes
fpu_exception	: yes
cpuid level	: 1
wp		: yes
flags		: fpu vme de pse tsc msr pae mce cx8 apic sep mtrr pge mca cmov pat pse36 clflush mmx fxsr sse sse2 syscall nx mmxext lm 3dnowext 3dnow rep_good nopl extd_apicid
bogomips	: 4786.05
TLB size	: 1024 4K pages
clflush size	: 64
cache_alignment	: 64
address sizes	: 40 bits physical, 48 bits virtual
power management: ts fid vid ttp

processor	: 1
vendor_id	: AuthenticAMD
cpu family	: 15
model		: 5
model name	: AMD Opteron(tm) Processor 250
stepping	: 10
microcode	: 0x3a
cpu MHz		: 2393.025
cache size	: 1024 KB
fpu		: yes
fpu_exception	: yes
cpuid level	: 1
wp		: yes
flags		: fpu vme de pse tsc msr pae mce cx8 apic sep mtrr pge mca cmov pat pse36 clflush mmx fxsr sse sse2 syscall nx mmxext lm 3dnowext 3dnow rep_good nopl extd_apicid
bogomips	: 4786.65
TLB size	: 1024 4K pages
clflush size	: 64
cache_alignment	: 64
address sizes	: 40 bits physical, 48 bits virtual
power management: ts fid vid ttp



Memory: 4k page, physical 4016920k(877204k free), swap 8393956k(8392004k free)

vm_info: OpenJDK 64-Bit Server VM (23.25-b01) for linux-amd64 JRE (1.6.0_33-b33), built on Oct 15 2014 12:27:16 by "buildd" with gcc 4.6.3

time: Sun Jan 18 15:54:46 2015
elapsed time: 0 seconds

